[0.079s] DEBUG:colcon:Command line arguments: ['/usr/bin/colcon', 'build', '--packages-select', 'agv_simulation']
[0.079s] DEBUG:colcon:Parsed command line arguments: Namespace(log_base=None, log_level=None, verb_name='build', build_base='build', install_base='install', merge_install=False, symlink_install=False, test_result_base=None, continue_on_error=False, executor='parallel', parallel_workers=2, event_handlers=None, ignore_user_meta=False, metas=['./colcon.meta'], base_paths=['.'], packages_ignore=None, packages_ignore_regex=None, paths=None, packages_up_to=None, packages_up_to_regex=None, packages_above=None, packages_above_and_dependencies=None, packages_above_depth=None, packages_select_by_dep=None, packages_skip_by_dep=None, packages_skip_up_to=None, packages_select_build_failed=False, packages_skip_build_finished=False, packages_select_test_failures=False, packages_skip_test_passed=False, packages_select=['agv_simulation'], packages_skip=None, packages_select_regex=None, packages_skip_regex=None, packages_start=None, packages_end=None, allow_overriding=[], cmake_args=None, cmake_target=None, cmake_target_skip_unavailable=False, cmake_clean_cache=False, cmake_clean_first=False, cmake_force_configure=False, ament_cmake_args=None, catkin_cmake_args=None, catkin_skip_building_tests=False, verb_parser=<colcon_defaults.argument_parser.defaults.DefaultArgumentsDecorator object at 0x736b6572b970>, verb_extension=<colcon_core.verb.build.BuildVerb object at 0x736b65870ee0>, main=<bound method BuildVerb.main of <colcon_core.verb.build.BuildVerb object at 0x736b65870ee0>>)
[0.207s] Level 1:colcon.colcon_core.package_discovery:discover_packages(colcon_meta) check parameters
[0.207s] Level 1:colcon.colcon_core.package_discovery:discover_packages(recursive) check parameters
[0.207s] Level 1:colcon.colcon_core.package_discovery:discover_packages(ignore) check parameters
[0.207s] Level 1:colcon.colcon_core.package_discovery:discover_packages(path) check parameters
[0.207s] Level 1:colcon.colcon_core.package_discovery:discover_packages(colcon_meta) discover
[0.207s] Level 1:colcon.colcon_core.package_discovery:discover_packages(recursive) discover
[0.208s] INFO:colcon.colcon_core.package_discovery:Crawling recursively for packages in '/home/lyq/bysj_ws'
[0.208s] Level 1:colcon.colcon_core.package_identification:_identify(.) by extensions ['ignore', 'ignore_ament_install']
[0.208s] Level 1:colcon.colcon_core.package_identification:_identify(.) by extension 'ignore'
[0.208s] Level 1:colcon.colcon_core.package_identification:_identify(.) by extension 'ignore_ament_install'
[0.208s] Level 1:colcon.colcon_core.package_identification:_identify(.) by extensions ['colcon_pkg']
[0.208s] Level 1:colcon.colcon_core.package_identification:_identify(.) by extension 'colcon_pkg'
[0.208s] Level 1:colcon.colcon_core.package_identification:_identify(.) by extensions ['colcon_meta']
[0.208s] Level 1:colcon.colcon_core.package_identification:_identify(.) by extension 'colcon_meta'
[0.208s] Level 1:colcon.colcon_core.package_identification:_identify(.) by extensions ['ros']
[0.208s] Level 1:colcon.colcon_core.package_identification:_identify(.) by extension 'ros'
[0.216s] Level 1:colcon.colcon_core.package_identification:_identify(.) by extensions ['cmake', 'python']
[0.216s] Level 1:colcon.colcon_core.package_identification:_identify(.) by extension 'cmake'
[0.216s] Level 1:colcon.colcon_core.package_identification:_identify(.) by extension 'python'
[0.216s] Level 1:colcon.colcon_core.package_identification:_identify(.) by extensions ['python_setup_py']
[0.216s] Level 1:colcon.colcon_core.package_identification:_identify(.) by extension 'python_setup_py'
[0.216s] Level 1:colcon.colcon_core.package_identification:_identify(build) by extensions ['ignore', 'ignore_ament_install']
[0.217s] Level 1:colcon.colcon_core.package_identification:_identify(build) by extension 'ignore'
[0.217s] Level 1:colcon.colcon_core.package_identification:_identify(build) ignored
[0.217s] Level 1:colcon.colcon_core.package_identification:_identify(install) by extensions ['ignore', 'ignore_ament_install']
[0.217s] Level 1:colcon.colcon_core.package_identification:_identify(install) by extension 'ignore'
[0.217s] Level 1:colcon.colcon_core.package_identification:_identify(install) ignored
[0.217s] Level 1:colcon.colcon_core.package_identification:_identify(log) by extensions ['ignore', 'ignore_ament_install']
[0.217s] Level 1:colcon.colcon_core.package_identification:_identify(log) by extension 'ignore'
[0.217s] Level 1:colcon.colcon_core.package_identification:_identify(log) ignored
[0.217s] Level 1:colcon.colcon_core.package_identification:_identify(src) by extensions ['ignore', 'ignore_ament_install']
[0.217s] Level 1:colcon.colcon_core.package_identification:_identify(src) by extension 'ignore'
[0.217s] Level 1:colcon.colcon_core.package_identification:_identify(src) by extension 'ignore_ament_install'
[0.217s] Level 1:colcon.colcon_core.package_identification:_identify(src) by extensions ['colcon_pkg']
[0.217s] Level 1:colcon.colcon_core.package_identification:_identify(src) by extension 'colcon_pkg'
[0.217s] Level 1:colcon.colcon_core.package_identification:_identify(src) by extensions ['colcon_meta']
[0.217s] Level 1:colcon.colcon_core.package_identification:_identify(src) by extension 'colcon_meta'
[0.217s] Level 1:colcon.colcon_core.package_identification:_identify(src) by extensions ['ros']
[0.217s] Level 1:colcon.colcon_core.package_identification:_identify(src) by extension 'ros'
[0.217s] Level 1:colcon.colcon_core.package_identification:_identify(src) by extensions ['cmake', 'python']
[0.217s] Level 1:colcon.colcon_core.package_identification:_identify(src) by extension 'cmake'
[0.217s] Level 1:colcon.colcon_core.package_identification:_identify(src) by extension 'python'
[0.217s] Level 1:colcon.colcon_core.package_identification:_identify(src) by extensions ['python_setup_py']
[0.217s] Level 1:colcon.colcon_core.package_identification:_identify(src) by extension 'python_setup_py'
[0.218s] Level 1:colcon.colcon_core.package_identification:_identify(src/agv_simulation) by extensions ['ignore', 'ignore_ament_install']
[0.218s] Level 1:colcon.colcon_core.package_identification:_identify(src/agv_simulation) by extension 'ignore'
[0.218s] Level 1:colcon.colcon_core.package_identification:_identify(src/agv_simulation) by extension 'ignore_ament_install'
[0.218s] Level 1:colcon.colcon_core.package_identification:_identify(src/agv_simulation) by extensions ['colcon_pkg']
[0.218s] Level 1:colcon.colcon_core.package_identification:_identify(src/agv_simulation) by extension 'colcon_pkg'
[0.218s] Level 1:colcon.colcon_core.package_identification:_identify(src/agv_simulation) by extensions ['colcon_meta']
[0.218s] Level 1:colcon.colcon_core.package_identification:_identify(src/agv_simulation) by extension 'colcon_meta'
[0.218s] Level 1:colcon.colcon_core.package_identification:_identify(src/agv_simulation) by extensions ['ros']
[0.218s] Level 1:colcon.colcon_core.package_identification:_identify(src/agv_simulation) by extension 'ros'
[0.220s] DEBUG:colcon.colcon_core.package_identification:Package 'src/agv_simulation' with type 'ros.ament_cmake' and name 'agv_simulation'
[0.220s] Level 1:colcon.colcon_core.package_discovery:discover_packages(recursive) using defaults
[0.220s] Level 1:colcon.colcon_core.package_discovery:discover_packages(ignore) discover
[0.220s] Level 1:colcon.colcon_core.package_discovery:discover_packages(ignore) using defaults
[0.220s] Level 1:colcon.colcon_core.package_discovery:discover_packages(path) discover
[0.220s] Level 1:colcon.colcon_core.package_discovery:discover_packages(path) using defaults
[0.243s] Level 1:colcon.colcon_core.package_discovery:discover_packages(prefix_path) check parameters
[0.243s] Level 1:colcon.colcon_core.package_discovery:discover_packages(prefix_path) discover
[0.246s] DEBUG:colcon.colcon_installed_package_information.package_discovery:Found 393 installed packages in /opt/ros/humble
[0.247s] Level 1:colcon.colcon_core.package_discovery:discover_packages(prefix_path) using defaults
[0.283s] Level 5:colcon.colcon_core.verb:set package 'agv_simulation' build argument 'cmake_args' from command line to 'None'
[0.283s] Level 5:colcon.colcon_core.verb:set package 'agv_simulation' build argument 'cmake_target' from command line to 'None'
[0.283s] Level 5:colcon.colcon_core.verb:set package 'agv_simulation' build argument 'cmake_target_skip_unavailable' from command line to 'False'
[0.283s] Level 5:colcon.colcon_core.verb:set package 'agv_simulation' build argument 'cmake_clean_cache' from command line to 'False'
[0.283s] Level 5:colcon.colcon_core.verb:set package 'agv_simulation' build argument 'cmake_clean_first' from command line to 'False'
[0.284s] Level 5:colcon.colcon_core.verb:set package 'agv_simulation' build argument 'cmake_force_configure' from command line to 'False'
[0.284s] Level 5:colcon.colcon_core.verb:set package 'agv_simulation' build argument 'ament_cmake_args' from command line to 'None'
[0.284s] Level 5:colcon.colcon_core.verb:set package 'agv_simulation' build argument 'catkin_cmake_args' from command line to 'None'
[0.284s] Level 5:colcon.colcon_core.verb:set package 'agv_simulation' build argument 'catkin_skip_building_tests' from command line to 'False'
[0.284s] DEBUG:colcon.colcon_core.verb:Building package 'agv_simulation' with the following arguments: {'ament_cmake_args': None, 'build_base': '/home/lyq/bysj_ws/build/agv_simulation', 'catkin_cmake_args': None, 'catkin_skip_building_tests': False, 'cmake_args': None, 'cmake_clean_cache': False, 'cmake_clean_first': False, 'cmake_force_configure': False, 'cmake_target': None, 'cmake_target_skip_unavailable': False, 'install_base': '/home/lyq/bysj_ws/install/agv_simulation', 'merge_install': False, 'path': '/home/lyq/bysj_ws/src/agv_simulation', 'symlink_install': False, 'test_result_base': None}
[0.284s] INFO:colcon.colcon_core.executor:Executing jobs using 'parallel' executor
[0.285s] DEBUG:colcon.colcon_parallel_executor.executor.parallel:run_until_complete
[0.285s] INFO:colcon.colcon_ros.task.ament_cmake.build:Building ROS package in '/home/lyq/bysj_ws/src/agv_simulation' with build type 'ament_cmake'
[0.285s] INFO:colcon.colcon_cmake.task.cmake.build:Building CMake package in '/home/lyq/bysj_ws/src/agv_simulation'
[0.288s] INFO:colcon.colcon_core.plugin_system:Skipping extension 'colcon_core.shell.bat': Not used on non-Windows systems
[0.288s] INFO:colcon.colcon_core.shell:Skip shell extension 'powershell' for command environment: Not usable outside of PowerShell
[0.288s] DEBUG:colcon.colcon_core.shell:Skip shell extension 'dsv' for command environment
[0.297s] DEBUG:colcon.colcon_core.event_handler.log_command:Invoking command in '/home/lyq/bysj_ws/build/agv_simulation': CMAKE_PREFIX_PATH=/opt/ros/humble /usr/bin/cmake /home/lyq/bysj_ws/src/agv_simulation -DCMAKE_INSTALL_PREFIX=/home/lyq/bysj_ws/install/agv_simulation
[3.444s] DEBUG:colcon.colcon_core.event_handler.log_command:Invoked command in '/home/lyq/bysj_ws/build/agv_simulation' returned '0': CMAKE_PREFIX_PATH=/opt/ros/humble /usr/bin/cmake /home/lyq/bysj_ws/src/agv_simulation -DCMAKE_INSTALL_PREFIX=/home/lyq/bysj_ws/install/agv_simulation
[3.447s] DEBUG:colcon.colcon_core.event_handler.log_command:Invoking command in '/home/lyq/bysj_ws/build/agv_simulation': CMAKE_PREFIX_PATH=/opt/ros/humble /usr/bin/cmake --build /home/lyq/bysj_ws/build/agv_simulation -- -j2 -l2
[16.783s] DEBUG:colcon.colcon_core.event_handler.log_command:Invoked command in '/home/lyq/bysj_ws/build/agv_simulation' returned '2': CMAKE_PREFIX_PATH=/opt/ros/humble /usr/bin/cmake --build /home/lyq/bysj_ws/build/agv_simulation -- -j2 -l2
[16.783s] Level 1:colcon.colcon_core.environment:create_environment_scripts_only(agv_simulation)
[16.788s] Level 1:colcon.colcon_core.environment:checking '/home/lyq/bysj_ws/install/agv_simulation' for CMake module files
[16.788s] Level 1:colcon.colcon_core.environment:checking '/home/lyq/bysj_ws/install/agv_simulation' for CMake config files
[16.788s] Level 1:colcon.colcon_core.environment:checking '/home/lyq/bysj_ws/install/agv_simulation/bin'
[16.788s] Level 1:colcon.colcon_core.environment:checking '/home/lyq/bysj_ws/install/agv_simulation/lib/pkgconfig/agv_simulation.pc'
[16.788s] Level 1:colcon.colcon_core.environment:checking '/home/lyq/bysj_ws/install/agv_simulation/lib/python3.10/site-packages'
[16.789s] Level 1:colcon.colcon_core.environment:checking '/home/lyq/bysj_ws/install/agv_simulation/bin'
[16.789s] INFO:colcon.colcon_core.shell:Creating package script '/home/lyq/bysj_ws/install/agv_simulation/share/agv_simulation/package.ps1'
[16.789s] INFO:colcon.colcon_core.shell:Creating package descriptor '/home/lyq/bysj_ws/install/agv_simulation/share/agv_simulation/package.dsv'
[16.790s] INFO:colcon.colcon_core.shell:Creating package script '/home/lyq/bysj_ws/install/agv_simulation/share/agv_simulation/package.sh'
[16.791s] INFO:colcon.colcon_core.shell:Creating package script '/home/lyq/bysj_ws/install/agv_simulation/share/agv_simulation/package.bash'
[16.791s] INFO:colcon.colcon_core.shell:Creating package script '/home/lyq/bysj_ws/install/agv_simulation/share/agv_simulation/package.zsh'
[16.792s] Level 1:colcon.colcon_core.environment:create_file_with_runtime_dependencies(/home/lyq/bysj_ws/install/agv_simulation/share/colcon-core/packages/agv_simulation)
[16.803s] DEBUG:colcon.colcon_parallel_executor.executor.parallel:closing loop
[16.803s] DEBUG:colcon.colcon_parallel_executor.executor.parallel:loop closed
[16.803s] DEBUG:colcon.colcon_parallel_executor.executor.parallel:run_until_complete finished with '2'
[16.803s] DEBUG:colcon.colcon_core.event_reactor:joining thread
[16.813s] INFO:colcon.colcon_core.plugin_system:Skipping extension 'colcon_notification.desktop_notification.terminal_notifier': Not used on non-Darwin systems
[16.813s] INFO:colcon.colcon_core.plugin_system:Skipping extension 'colcon_notification.desktop_notification.win32': Not used on non-Windows systems
[16.813s] INFO:colcon.colcon_notification.desktop_notification:Sending desktop notification using 'notify2'
[16.825s] DEBUG:colcon.colcon_core.event_reactor:joined thread
[16.825s] INFO:colcon.colcon_core.shell:Creating prefix script '/home/lyq/bysj_ws/install/local_setup.ps1'
[16.826s] INFO:colcon.colcon_core.shell:Creating prefix util module '/home/lyq/bysj_ws/install/_local_setup_util_ps1.py'
[16.828s] INFO:colcon.colcon_core.shell:Creating prefix chain script '/home/lyq/bysj_ws/install/setup.ps1'
[16.829s] INFO:colcon.colcon_core.shell:Creating prefix script '/home/lyq/bysj_ws/install/local_setup.sh'
[16.830s] INFO:colcon.colcon_core.shell:Creating prefix util module '/home/lyq/bysj_ws/install/_local_setup_util_sh.py'
[16.830s] INFO:colcon.colcon_core.shell:Creating prefix chain script '/home/lyq/bysj_ws/install/setup.sh'
[16.831s] INFO:colcon.colcon_core.shell:Creating prefix script '/home/lyq/bysj_ws/install/local_setup.bash'
[16.832s] INFO:colcon.colcon_core.shell:Creating prefix chain script '/home/lyq/bysj_ws/install/setup.bash'
[16.832s] INFO:colcon.colcon_core.shell:Creating prefix script '/home/lyq/bysj_ws/install/local_setup.zsh'
[16.833s] INFO:colcon.colcon_core.shell:Creating prefix chain script '/home/lyq/bysj_ws/install/setup.zsh'
