[0.022s] Invoking command in '/home/lyq/bysj_ws/build/agv_simulation': CMAKE_PREFIX_PATH=/opt/ros/humble /usr/bin/cmake --build /home/lyq/bysj_ws/build/agv_simulation -- -j2 -l2
[0.186s] [100%] Built target ground_filter_node
[0.219s] Invoked command in '/home/lyq/bysj_ws/build/agv_simulation' returned '0': CMAKE_PREFIX_PATH=/opt/ros/humble /usr/bin/cmake --build /home/lyq/bysj_ws/build/agv_simulation -- -j2 -l2
[0.231s] Invoking command in '/home/lyq/bysj_ws/build/agv_simulation': CMAKE_PREFIX_PATH=/opt/ros/humble /usr/bin/cmake --install /home/lyq/bysj_ws/build/agv_simulation
[0.237s] -- Install configuration: ""
[0.238s] -- Execute custom install script
[0.239s] -- Up-to-date symlink: /home/lyq/bysj_ws/install/agv_simulation/share/agv_simulation/description/robot.urdf.xacro
[0.239s] -- Up-to-date symlink: /home/lyq/bysj_ws/install/agv_simulation/share/agv_simulation/launch/agv_nav_full.launch.py
[0.239s] -- Up-to-date symlink: /home/lyq/bysj_ws/install/agv_simulation/share/agv_simulation/launch/rsp.launch.py
[0.239s] -- Up-to-date symlink: /home/lyq/bysj_ws/install/agv_simulation/share/agv_simulation/launch/sim_perception.launch.py
[0.240s] -- Up-to-date symlink: /home/lyq/bysj_ws/install/agv_simulation/share/agv_simulation/worlds/simulation.world
[0.240s] -- Up-to-date symlink: /home/lyq/bysj_ws/install/agv_simulation/share/agv_simulation/config/ekf.yaml
[0.241s] -- Symlinking: /home/lyq/bysj_ws/install/agv_simulation/share/agv_simulation/config/mapper_params_online_async.yaml
[0.259s] -- Up-to-date symlink: /home/lyq/bysj_ws/install/agv_simulation/share/agv_simulation/config/slam_config.rviz
[0.259s] -- Up-to-date symlink: /home/lyq/bysj_ws/install/agv_simulation/lib/agv_simulation/ground_filter_node
[0.261s] -- Up-to-date symlink: /home/lyq/bysj_ws/install/agv_simulation/share/agv_simulation/config//ekf.yaml
[0.261s] -- Up-to-date symlink: /home/lyq/bysj_ws/install/agv_simulation/share/agv_simulation/config//mapper_params_online_async.yaml
[0.261s] -- Up-to-date symlink: /home/lyq/bysj_ws/install/agv_simulation/share/agv_simulation/config//slam_config.rviz
[0.261s] -- Up-to-date symlink: /home/lyq/bysj_ws/install/agv_simulation/share/ament_index/resource_index/package_run_dependencies/agv_simulation
[0.262s] -- Up-to-date symlink: /home/lyq/bysj_ws/install/agv_simulation/share/ament_index/resource_index/parent_prefix_path/agv_simulation
[0.262s] -- Up-to-date symlink: /home/lyq/bysj_ws/install/agv_simulation/share/agv_simulation/environment/ament_prefix_path.sh
[0.262s] -- Up-to-date symlink: /home/lyq/bysj_ws/install/agv_simulation/share/agv_simulation/environment/ament_prefix_path.dsv
[0.262s] -- Up-to-date symlink: /home/lyq/bysj_ws/install/agv_simulation/share/agv_simulation/environment/path.sh
[0.262s] -- Up-to-date symlink: /home/lyq/bysj_ws/install/agv_simulation/share/agv_simulation/environment/path.dsv
[0.262s] -- Up-to-date symlink: /home/lyq/bysj_ws/install/agv_simulation/share/agv_simulation/local_setup.bash
[0.263s] -- Up-to-date symlink: /home/lyq/bysj_ws/install/agv_simulation/share/agv_simulation/local_setup.sh
[0.263s] -- Up-to-date symlink: /home/lyq/bysj_ws/install/agv_simulation/share/agv_simulation/local_setup.zsh
[0.263s] -- Up-to-date symlink: /home/lyq/bysj_ws/install/agv_simulation/share/agv_simulation/local_setup.dsv
[0.264s] -- Symlinking: /home/lyq/bysj_ws/install/agv_simulation/share/agv_simulation/package.dsv
[0.284s] -- Up-to-date symlink: /home/lyq/bysj_ws/install/agv_simulation/share/ament_index/resource_index/packages/agv_simulation
[0.285s] -- Up-to-date symlink: /home/lyq/bysj_ws/install/agv_simulation/share/agv_simulation/cmake/agv_simulationConfig.cmake
[0.285s] -- Up-to-date symlink: /home/lyq/bysj_ws/install/agv_simulation/share/agv_simulation/cmake/agv_simulationConfig-version.cmake
[0.285s] -- Up-to-date symlink: /home/lyq/bysj_ws/install/agv_simulation/share/agv_simulation/package.xml
[0.291s] Invoked command in '/home/lyq/bysj_ws/build/agv_simulation' returned '0': CMAKE_PREFIX_PATH=/opt/ros/humble /usr/bin/cmake --install /home/lyq/bysj_ws/build/agv_simulation
