[0.017s] Invoking command in '/home/lyq/bysj_ws/build/agv_simulation': CMAKE_PREFIX_PATH=/opt/ros/humble /usr/bin/cmake --build /home/lyq/bysj_ws/build/agv_simulation -- -j2 -l2
[0.061s] [35m[1mConsolidate compiler generated dependencies of target ground_filter_node[0m
[0.074s] [ 50%] [32mBuilding CXX object CMakeFiles/ground_filter_node.dir/src/ground_filter_node.cpp.o[0m
[12.459s] [100%] [32m[1mLinking CXX executable ground_filter_node[0m
[13.552s] [100%] Built target ground_filter_node
[13.563s] Invoked command in '/home/lyq/bysj_ws/build/agv_simulation' returned '0': CMAKE_PREFIX_PATH=/opt/ros/humble /usr/bin/cmake --build /home/lyq/bysj_ws/build/agv_simulation -- -j2 -l2
[13.575s] Invoking command in '/home/lyq/bysj_ws/build/agv_simulation': CMAKE_PREFIX_PATH=/opt/ros/humble /usr/bin/cmake --install /home/lyq/bysj_ws/build/agv_simulation
[13.582s] -- Install configuration: ""
[13.582s] -- Execute custom install script
[13.582s] -- Up-to-date symlink: /home/lyq/bysj_ws/install/agv_simulation/share/agv_simulation/description/robot.urdf.xacro
[13.583s] -- Up-to-date symlink: /home/lyq/bysj_ws/install/agv_simulation/share/agv_simulation/launch/rsp.launch.py
[13.583s] -- Up-to-date symlink: /home/lyq/bysj_ws/install/agv_simulation/share/agv_simulation/worlds/simulation.world
[13.583s] -- Up-to-date symlink: /home/lyq/bysj_ws/install/agv_simulation/lib/agv_simulation/ground_filter_node
[13.583s] -- Up-to-date symlink: /home/lyq/bysj_ws/install/agv_simulation/share/ament_index/resource_index/package_run_dependencies/agv_simulation
[13.584s] -- Up-to-date symlink: /home/lyq/bysj_ws/install/agv_simulation/share/ament_index/resource_index/parent_prefix_path/agv_simulation
[13.584s] -- Up-to-date symlink: /home/lyq/bysj_ws/install/agv_simulation/share/agv_simulation/environment/ament_prefix_path.sh
[13.584s] -- Up-to-date symlink: /home/lyq/bysj_ws/install/agv_simulation/share/agv_simulation/environment/ament_prefix_path.dsv
[13.584s] -- Up-to-date symlink: /home/lyq/bysj_ws/install/agv_simulation/share/agv_simulation/environment/path.sh
[13.585s] -- Up-to-date symlink: /home/lyq/bysj_ws/install/agv_simulation/share/agv_simulation/environment/path.dsv
[13.585s] -- Up-to-date symlink: /home/lyq/bysj_ws/install/agv_simulation/share/agv_simulation/local_setup.bash
[13.585s] -- Up-to-date symlink: /home/lyq/bysj_ws/install/agv_simulation/share/agv_simulation/local_setup.sh
[13.585s] -- Up-to-date symlink: /home/lyq/bysj_ws/install/agv_simulation/share/agv_simulation/local_setup.zsh
[13.585s] -- Up-to-date symlink: /home/lyq/bysj_ws/install/agv_simulation/share/agv_simulation/local_setup.dsv
[13.585s] -- Symlinking: /home/lyq/bysj_ws/install/agv_simulation/share/agv_simulation/package.dsv
[13.594s] -- Up-to-date symlink: /home/lyq/bysj_ws/install/agv_simulation/share/ament_index/resource_index/packages/agv_simulation
[13.595s] -- Up-to-date symlink: /home/lyq/bysj_ws/install/agv_simulation/share/agv_simulation/cmake/agv_simulationConfig.cmake
[13.595s] -- Up-to-date symlink: /home/lyq/bysj_ws/install/agv_simulation/share/agv_simulation/cmake/agv_simulationConfig-version.cmake
[13.595s] -- Up-to-date symlink: /home/lyq/bysj_ws/install/agv_simulation/share/agv_simulation/package.xml
[13.597s] Invoked command in '/home/lyq/bysj_ws/build/agv_simulation' returned '0': CMAKE_PREFIX_PATH=/opt/ros/humble /usr/bin/cmake --install /home/lyq/bysj_ws/build/agv_simulation
