[0.016s] Invoking command in '/home/lyq/bysj_ws/build/agv_simulation': CMAKE_PREFIX_PATH=/opt/ros/humble /usr/bin/cmake --build /home/lyq/bysj_ws/build/agv_simulation -- -j2 -l2
[0.183s] [100%] Built target ground_filter_node
[0.210s] Invoked command in '/home/lyq/bysj_ws/build/agv_simulation' returned '0': CMAKE_PREFIX_PATH=/opt/ros/humble /usr/bin/cmake --build /home/lyq/bysj_ws/build/agv_simulation -- -j2 -l2
[0.235s] Invoking command in '/home/lyq/bysj_ws/build/agv_simulation': CMAKE_PREFIX_PATH=/opt/ros/humble /usr/bin/cmake --install /home/lyq/bysj_ws/build/agv_simulation
[0.255s] -- Install configuration: ""
[0.256s] -- Execute custom install script
[0.256s] -- Up-to-date symlink: /home/lyq/bysj_ws/install/agv_simulation/share/agv_simulation/description/robot.urdf.xacro
[0.257s] -- Up-to-date symlink: /home/lyq/bysj_ws/install/agv_simulation/share/agv_simulation/launch/rsp.launch.py
[0.257s] -- Up-to-date symlink: /home/lyq/bysj_ws/install/agv_simulation/share/agv_simulation/launch/sim_perception.launch.py
[0.257s] -- Up-to-date symlink: /home/lyq/bysj_ws/install/agv_simulation/share/agv_simulation/worlds/simulation.world
[0.258s] -- Up-to-date symlink: /home/lyq/bysj_ws/install/agv_simulation/share/agv_simulation/config/ekf.yaml
[0.258s] -- Up-to-date symlink: /home/lyq/bysj_ws/install/agv_simulation/share/agv_simulation/config/slam_config.rviz
[0.258s] -- Up-to-date symlink: /home/lyq/bysj_ws/install/agv_simulation/lib/agv_simulation/ground_filter_node
[0.259s] -- Up-to-date symlink: /home/lyq/bysj_ws/install/agv_simulation/share/agv_simulation/config//ekf.yaml
[0.259s] -- Up-to-date symlink: /home/lyq/bysj_ws/install/agv_simulation/share/agv_simulation/config//slam_config.rviz
[0.259s] -- Up-to-date symlink: /home/lyq/bysj_ws/install/agv_simulation/share/ament_index/resource_index/package_run_dependencies/agv_simulation
[0.260s] -- Up-to-date symlink: /home/lyq/bysj_ws/install/agv_simulation/share/ament_index/resource_index/parent_prefix_path/agv_simulation
[0.260s] -- Up-to-date symlink: /home/lyq/bysj_ws/install/agv_simulation/share/agv_simulation/environment/ament_prefix_path.sh
[0.261s] -- Up-to-date symlink: /home/lyq/bysj_ws/install/agv_simulation/share/agv_simulation/environment/ament_prefix_path.dsv
[0.261s] -- Up-to-date symlink: /home/lyq/bysj_ws/install/agv_simulation/share/agv_simulation/environment/path.sh
[0.261s] -- Up-to-date symlink: /home/lyq/bysj_ws/install/agv_simulation/share/agv_simulation/environment/path.dsv
[0.262s] -- Up-to-date symlink: /home/lyq/bysj_ws/install/agv_simulation/share/agv_simulation/local_setup.bash
[0.262s] -- Up-to-date symlink: /home/lyq/bysj_ws/install/agv_simulation/share/agv_simulation/local_setup.sh
[0.262s] -- Up-to-date symlink: /home/lyq/bysj_ws/install/agv_simulation/share/agv_simulation/local_setup.zsh
[0.262s] -- Up-to-date symlink: /home/lyq/bysj_ws/install/agv_simulation/share/agv_simulation/local_setup.dsv
[0.263s] -- Symlinking: /home/lyq/bysj_ws/install/agv_simulation/share/agv_simulation/package.dsv
[0.287s] -- Up-to-date symlink: /home/lyq/bysj_ws/install/agv_simulation/share/ament_index/resource_index/packages/agv_simulation
[0.287s] -- Up-to-date symlink: /home/lyq/bysj_ws/install/agv_simulation/share/agv_simulation/cmake/agv_simulationConfig.cmake
[0.288s] -- Up-to-date symlink: /home/lyq/bysj_ws/install/agv_simulation/share/agv_simulation/cmake/agv_simulationConfig-version.cmake
[0.291s] -- Up-to-date symlink: /home/lyq/bysj_ws/install/agv_simulation/share/agv_simulation/package.xml
[0.297s] Invoked command in '/home/lyq/bysj_ws/build/agv_simulation' returned '0': CMAKE_PREFIX_PATH=/opt/ros/humble /usr/bin/cmake --install /home/lyq/bysj_ws/build/agv_simulation
