[0.013s] Invoking command in '/home/lyq/bysj_ws/build/agv_simulation': CMAKE_PREFIX_PATH=${CMAKE_PREFIX_PATH}:/opt/ros/humble /usr/bin/cmake /home/lyq/bysj_ws/src/agv_simulation -DCMAKE_INSTALL_PREFIX=/home/lyq/bysj_ws/install/agv_simulation
[0.071s] -- The C compiler identification is GNU 11.4.0
[0.126s] -- The CXX compiler identification is GNU 11.4.0
[0.136s] -- Detecting C compiler ABI info
[0.210s] -- Detecting C compiler ABI info - done
[0.214s] -- Check for working C compiler: /usr/bin/cc - skipped
[0.215s] -- Detecting C compile features
[0.216s] -- Detecting C compile features - done
[0.222s] -- Detecting CXX compiler ABI info
[0.297s] -- Detecting CXX compiler ABI info - done
[0.302s] -- Check for working CXX compiler: /usr/bin/c++ - skipped
[0.303s] -- Detecting CXX compile features
[0.303s] -- Detecting CXX compile features - done
[0.306s] -- Found ament_cmake: 1.3.13 (/opt/ros/humble/share/ament_cmake/cmake)
[0.436s] -- Found Python3: /usr/bin/python3 (found version "3.10.12") found components: Interpreter 
[0.524s] -- Found rclcpp: 16.0.18 (/opt/ros/humble/share/rclcpp/cmake)
[0.568s] -- Found rosidl_generator_c: 3.1.8 (/opt/ros/humble/share/rosidl_generator_c/cmake)
[0.573s] -- Found rosidl_adapter: 3.1.8 (/opt/ros/humble/share/rosidl_adapter/cmake)
[0.583s] -- Found rosidl_generator_cpp: 3.1.8 (/opt/ros/humble/share/rosidl_generator_cpp/cmake)
[0.598s] -- Using all available rosidl_typesupport_c: rosidl_typesupport_fastrtps_c;rosidl_typesupport_introspection_c
[0.613s] -- Using all available rosidl_typesupport_cpp: rosidl_typesupport_fastrtps_cpp;rosidl_typesupport_introspection_cpp
[0.660s] -- Found rmw_implementation_cmake: 6.1.2 (/opt/ros/humble/share/rmw_implementation_cmake/cmake)
[0.663s] -- Found rmw_fastrtps_cpp: 6.2.10 (/opt/ros/humble/share/rmw_fastrtps_cpp/cmake)
[0.759s] -- Found OpenSSL: /usr/lib/x86_64-linux-gnu/libcrypto.so (found version "3.0.2")  
[0.786s] -- Found FastRTPS: /opt/ros/humble/include  
[0.828s] -- Using RMW implementation 'rmw_fastrtps_cpp' as default
[0.841s] -- Looking for pthread.h
[0.914s] -- Looking for pthread.h - found
[0.915s] -- Performing Test CMAKE_HAVE_LIBC_PTHREAD
[0.994s] -- Performing Test CMAKE_HAVE_LIBC_PTHREAD - Success
[0.995s] -- Found Threads: TRUE  
[1.050s] -- Found sensor_msgs: 4.9.1 (/opt/ros/humble/share/sensor_msgs/cmake)
[1.084s] -- Found pcl_conversions: 2.4.5 (/opt/ros/humble/share/pcl_conversions/cmake)
[1.124s] -- Checking for module 'eigen3'
[1.141s] --   Found eigen3, version 3.4.0
[1.183s] -- Found Eigen: /usr/include/eigen3 (Required is at least version "3.1") 
[1.183s] -- Eigen found (include: /usr/include/eigen3, version: 3.4.0)
[1.222s] -- Checking for module 'flann'
[1.240s] --   Found flann, version 1.9.1
[1.284s] -- Found FLANN: /usr/lib/x86_64-linux-gnu/libflann_cpp.so  
[1.284s] -- FLANN found (include: /usr/include, lib: /usr/lib/x86_64-linux-gnu/libflann_cpp.so)
[2.241s] -- Checking for module 'libusb-1.0'
[2.257s] --   Found libusb-1.0, version 1.0.25
[2.293s] -- Found libusb: /usr/lib/x86_64-linux-gnu/libusb-1.0.so  
[2.294s] -- OpenNI found (version: 1.5.4.0, include: /usr/include/ni, lib: /usr/lib/libOpenNI.so;libusb::libusb)
[2.360s] -- OpenNI2 found (version: 2.2.0.33, include: /usr/include/openni2, lib: /usr/lib/x86_64-linux-gnu/libOpenNI2.so;libusb::libusb)
[2.487s] -- Eigen found (include: /usr/include/eigen3, version: 3.4.0)
[2.493s] -- OpenNI found (version: 1.5.4.0, include: /usr/include/ni, lib: /usr/lib/libOpenNI.so;libusb::libusb)
[2.500s] -- OpenNI2 found (version: 2.2.0.33, include: /usr/include/openni2, lib: /usr/lib/x86_64-linux-gnu/libOpenNI2.so;libusb::libusb)
[2.628s] -- Found Qhull version 8.0.2
[2.758s] -- OpenNI found (version: 1.5.4.0, include: /usr/include/ni, lib: /usr/lib/libOpenNI.so;libusb::libusb)
[2.881s] -- Found PCL_COMMON: /usr/lib/x86_64-linux-gnu/libpcl_common.so  
[2.881s] -- Found PCL_KDTREE: /usr/lib/x86_64-linux-gnu/libpcl_kdtree.so  
[2.882s] -- Found PCL_OCTREE: /usr/lib/x86_64-linux-gnu/libpcl_octree.so  
[2.883s] -- Found PCL_SEARCH: /usr/lib/x86_64-linux-gnu/libpcl_search.so  
[2.883s] -- Found PCL_SAMPLE_CONSENSUS: /usr/lib/x86_64-linux-gnu/libpcl_sample_consensus.so  
[2.884s] -- Found PCL_FILTERS: /usr/lib/x86_64-linux-gnu/libpcl_filters.so  
[2.884s] -- Found PCL_2D: /usr/include/pcl-1.12  
[2.885s] -- Found PCL_GEOMETRY: /usr/include/pcl-1.12  
[2.885s] -- Found PCL_IO: /usr/lib/x86_64-linux-gnu/libpcl_io.so  
[2.886s] -- Found PCL_FEATURES: /usr/lib/x86_64-linux-gnu/libpcl_features.so  
[2.887s] -- Found PCL_ML: /usr/lib/x86_64-linux-gnu/libpcl_ml.so  
[2.887s] -- Found PCL_SEGMENTATION: /usr/lib/x86_64-linux-gnu/libpcl_segmentation.so  
[2.888s] -- Found PCL_VISUALIZATION: /usr/lib/x86_64-linux-gnu/libpcl_visualization.so  
[2.889s] -- Found PCL_SURFACE: /usr/lib/x86_64-linux-gnu/libpcl_surface.so  
[2.890s] -- Found PCL_REGISTRATION: /usr/lib/x86_64-linux-gnu/libpcl_registration.so  
[2.891s] -- Found PCL_KEYPOINTS: /usr/lib/x86_64-linux-gnu/libpcl_keypoints.so  
[2.891s] -- Found PCL_TRACKING: /usr/lib/x86_64-linux-gnu/libpcl_tracking.so  
[2.892s] -- Found PCL_RECOGNITION: /usr/lib/x86_64-linux-gnu/libpcl_recognition.so  
[2.893s] -- Found PCL_STEREO: /usr/lib/x86_64-linux-gnu/libpcl_stereo.so  
[2.894s] -- Found PCL_APPS: /usr/lib/x86_64-linux-gnu/libpcl_apps.so  
[2.894s] -- Found PCL_IN_HAND_SCANNER: /usr/include/pcl-1.12  
[2.894s] -- Found PCL_MODELER: /usr/include/pcl-1.12  
[2.895s] -- Found PCL_POINT_CLOUD_EDITOR: /usr/include/pcl-1.12  
[2.895s] -- Found PCL_OUTOFCORE: /usr/lib/x86_64-linux-gnu/libpcl_outofcore.so  
[2.896s] -- Found PCL_PEOPLE: /usr/lib/x86_64-linux-gnu/libpcl_people.so  
[2.899s] -- Found pcl_ros: 2.4.5 (/opt/ros/humble/share/pcl_ros/cmake)
[2.932s] -- Found eigen3_cmake_module: 0.1.1 (/opt/ros/humble/share/eigen3_cmake_module/cmake)
[2.933s] -- Found Eigen3: TRUE (found version "3.4.0") 
[2.933s] -- Ensuring Eigen3 include directory is part of orocos-kdl CMake target
[3.013s] [33mCMake Warning (dev) at CMakeLists.txt:14 (find_package):
[3.014s]   Policy CMP0074 is not set: find_package uses <PackageName>_ROOT variables.
[3.014s]   Run "cmake --help-policy CMP0074" for policy details.  Use the cmake_policy
[3.014s]   command to set the policy and suppress this warning.
[3.014s] 
[3.014s]   CMake variable PCL_ROOT is set to:
[3.014s] 
[3.014s]     /usr
[3.014s] 
[3.014s]   For compatibility, CMake is ignoring the variable.
[3.014s] This warning is for project developers.  Use -Wno-dev to suppress it.
[3.014s] [0m
[3.023s] -- Found tf2_sensor_msgs: 0.25.19 (/opt/ros/humble/share/tf2_sensor_msgs/cmake)
[3.095s] -- Configuring done
[3.168s] -- Generating done
[3.191s] -- Build files have been written to: /home/lyq/bysj_ws/build/agv_simulation
[3.210s] Invoked command in '/home/lyq/bysj_ws/build/agv_simulation' returned '0': CMAKE_PREFIX_PATH=${CMAKE_PREFIX_PATH}:/opt/ros/humble /usr/bin/cmake /home/lyq/bysj_ws/src/agv_simulation -DCMAKE_INSTALL_PREFIX=/home/lyq/bysj_ws/install/agv_simulation
[3.212s] Invoking command in '/home/lyq/bysj_ws/build/agv_simulation': CMAKE_PREFIX_PATH=${CMAKE_PREFIX_PATH}:/opt/ros/humble /usr/bin/cmake --build /home/lyq/bysj_ws/build/agv_simulation -- -j2 -l2
[3.268s] [ 50%] [32mBuilding CXX object CMakeFiles/pointcloud_fusion_node.dir/src/pointcloud_fusion_node.cpp.o[0m
[3.268s] [ 50%] [32mBuilding CXX object CMakeFiles/ground_filter_node.dir/src/ground_filter_node.cpp.o[0m
[9.200s] [01m[K/home/lyq/bysj_ws/src/agv_simulation/src/pointcloud_fusion_node.cpp:[m[K In member function ‘[01m[Kvoid PointCloudFusionNode::process_cloud(sensor_msgs::msg::PointCloud2_<std::allocator<void> >::SharedPtr, std::string)[m[K’:
[9.201s] [01m[K/home/lyq/bysj_ws/src/agv_simulation/src/pointcloud_fusion_node.cpp:55:88:[m[K [01;35m[Kwarning: [m[Kunused parameter ‘[01m[Ksensor_type[m[K’ [[01;35m[K]8;;https://gcc.gnu.org/onlinedocs/gcc/Warning-Options.html#index-Wunused-parameter-Wunused-parameter]8;;[m[K]
[9.201s]    55 |     void process_cloud(const sensor_msgs::msg::PointCloud2::SharedPtr msg, [01;35m[Kstd::string sensor_type[m[K) {
[9.201s]       |                                                                            [01;35m[K~~~~~~~~~~~~^~~~~~~~~~~[m[K
[16.279s] [ 75%] [32m[1mLinking CXX executable ground_filter_node[0m
[17.684s] [100%] [32m[1mLinking CXX executable pointcloud_fusion_node[0m
[17.708s] [100%] Built target ground_filter_node
[18.669s] [100%] Built target pointcloud_fusion_node
[18.722s] Invoked command in '/home/lyq/bysj_ws/build/agv_simulation' returned '0': CMAKE_PREFIX_PATH=${CMAKE_PREFIX_PATH}:/opt/ros/humble /usr/bin/cmake --build /home/lyq/bysj_ws/build/agv_simulation -- -j2 -l2
[18.763s] Invoking command in '/home/lyq/bysj_ws/build/agv_simulation': CMAKE_PREFIX_PATH=${CMAKE_PREFIX_PATH}:/opt/ros/humble /usr/bin/cmake --install /home/lyq/bysj_ws/build/agv_simulation
[18.769s] -- Install configuration: ""
[18.769s] -- Installing: /home/lyq/bysj_ws/install/agv_simulation/share/agv_simulation/description
[18.770s] -- Installing: /home/lyq/bysj_ws/install/agv_simulation/share/agv_simulation/description/inertial_macros.xacro
[18.770s] -- Installing: /home/lyq/bysj_ws/install/agv_simulation/share/agv_simulation/description/robot.urdf.xacro
[18.770s] -- Installing: /home/lyq/bysj_ws/install/agv_simulation/share/agv_simulation/launch
[18.770s] -- Installing: /home/lyq/bysj_ws/install/agv_simulation/share/agv_simulation/launch/sim_perception.launch.py
[18.771s] -- Installing: /home/lyq/bysj_ws/install/agv_simulation/share/agv_simulation/launch/agv_nav_full.launch.py
[18.771s] -- Installing: /home/lyq/bysj_ws/install/agv_simulation/share/agv_simulation/launch/rsp.launch.py
[18.771s] -- Installing: /home/lyq/bysj_ws/install/agv_simulation/share/agv_simulation/worlds
[18.772s] -- Installing: /home/lyq/bysj_ws/install/agv_simulation/share/agv_simulation/worlds/simulation.world
[18.772s] -- Installing: /home/lyq/bysj_ws/install/agv_simulation/share/agv_simulation/config
[18.772s] -- Installing: /home/lyq/bysj_ws/install/agv_simulation/share/agv_simulation/config/mapper_params_online_async.yaml
[18.773s] -- Installing: /home/lyq/bysj_ws/install/agv_simulation/share/agv_simulation/config/slam_config.rviz
[18.774s] -- Installing: /home/lyq/bysj_ws/install/agv_simulation/share/agv_simulation/config/ekf.yaml
[18.774s] -- Installing: /home/lyq/bysj_ws/install/agv_simulation/lib/agv_simulation/ground_filter_node
[18.778s] -- Set runtime path of "/home/lyq/bysj_ws/install/agv_simulation/lib/agv_simulation/ground_filter_node" to ""
[18.779s] -- Installing: /home/lyq/bysj_ws/install/agv_simulation/lib/agv_simulation/pointcloud_fusion_node
[18.784s] -- Set runtime path of "/home/lyq/bysj_ws/install/agv_simulation/lib/agv_simulation/pointcloud_fusion_node" to ""
[18.784s] -- Installing: /home/lyq/bysj_ws/install/agv_simulation/share/ament_index/resource_index/package_run_dependencies/agv_simulation
[18.784s] -- Installing: /home/lyq/bysj_ws/install/agv_simulation/share/ament_index/resource_index/parent_prefix_path/agv_simulation
[18.785s] -- Installing: /home/lyq/bysj_ws/install/agv_simulation/share/agv_simulation/environment/ament_prefix_path.sh
[18.785s] -- Installing: /home/lyq/bysj_ws/install/agv_simulation/share/agv_simulation/environment/ament_prefix_path.dsv
[18.786s] -- Installing: /home/lyq/bysj_ws/install/agv_simulation/share/agv_simulation/environment/path.sh
[18.786s] -- Installing: /home/lyq/bysj_ws/install/agv_simulation/share/agv_simulation/environment/path.dsv
[18.786s] -- Installing: /home/lyq/bysj_ws/install/agv_simulation/share/agv_simulation/local_setup.bash
[18.786s] -- Installing: /home/lyq/bysj_ws/install/agv_simulation/share/agv_simulation/local_setup.sh
[18.787s] -- Installing: /home/lyq/bysj_ws/install/agv_simulation/share/agv_simulation/local_setup.zsh
[18.787s] -- Installing: /home/lyq/bysj_ws/install/agv_simulation/share/agv_simulation/local_setup.dsv
[18.787s] -- Installing: /home/lyq/bysj_ws/install/agv_simulation/share/agv_simulation/package.dsv
[18.788s] -- Installing: /home/lyq/bysj_ws/install/agv_simulation/share/ament_index/resource_index/packages/agv_simulation
[18.788s] -- Installing: /home/lyq/bysj_ws/install/agv_simulation/share/agv_simulation/cmake/agv_simulationConfig.cmake
[18.788s] -- Installing: /home/lyq/bysj_ws/install/agv_simulation/share/agv_simulation/cmake/agv_simulationConfig-version.cmake
[18.788s] -- Installing: /home/lyq/bysj_ws/install/agv_simulation/share/agv_simulation/package.xml
[18.792s] Invoked command in '/home/lyq/bysj_ws/build/agv_simulation' returned '0': CMAKE_PREFIX_PATH=${CMAKE_PREFIX_PATH}:/opt/ros/humble /usr/bin/cmake --install /home/lyq/bysj_ws/build/agv_simulation
