[35m[1mConsolidate compiler generated dependencies of target ground_filter_node[0m
[35m[1mConsolidate compiler generated dependencies of target pointcloud_fusion_node[0m
[ 75%] Built target ground_filter_node
[100%] Built target pointcloud_fusion_node
-- Install configuration: ""
-- Up-to-date: /home/lyq/bysj_ws/install/agv_simulation/share/agv_simulation/description
-- Installing: /home/lyq/bysj_ws/install/agv_simulation/share/agv_simulation/description/inertial_macros.xacro
-- Up-to-date: /home/lyq/bysj_ws/install/agv_simulation/share/agv_simulation/description/robot.urdf.xacro
-- Up-to-date: /home/lyq/bysj_ws/install/agv_simulation/share/agv_simulation/launch
-- Up-to-date: /home/lyq/bysj_ws/install/agv_simulation/share/agv_simulation/launch/sim_perception.launch.py
-- Up-to-date: /home/lyq/bysj_ws/install/agv_simulation/share/agv_simulation/launch/agv_nav_full.launch.py
-- Up-to-date: /home/lyq/bysj_ws/install/agv_simulation/share/agv_simulation/launch/rsp.launch.py
-- Up-to-date: /home/lyq/bysj_ws/install/agv_simulation/share/agv_simulation/worlds
-- Up-to-date: /home/lyq/bysj_ws/install/agv_simulation/share/agv_simulation/worlds/simulation.world
-- Up-to-date: /home/lyq/bysj_ws/install/agv_simulation/share/agv_simulation/config
-- Up-to-date: /home/lyq/bysj_ws/install/agv_simulation/share/agv_simulation/config/mapper_params_online_async.yaml
-- Up-to-date: /home/lyq/bysj_ws/install/agv_simulation/share/agv_simulation/config/slam_config.rviz
-- Up-to-date: /home/lyq/bysj_ws/install/agv_simulation/share/agv_simulation/config/ekf.yaml
-- Up-to-date: /home/lyq/bysj_ws/install/agv_simulation/lib/agv_simulation/ground_filter_node
-- Up-to-date: /home/lyq/bysj_ws/install/agv_simulation/lib/agv_simulation/pointcloud_fusion_node
-- Up-to-date: /home/lyq/bysj_ws/install/agv_simulation/share/ament_index/resource_index/package_run_dependencies/agv_simulation
-- Up-to-date: /home/lyq/bysj_ws/install/agv_simulation/share/ament_index/resource_index/parent_prefix_path/agv_simulation
-- Up-to-date: /home/lyq/bysj_ws/install/agv_simulation/share/agv_simulation/environment/ament_prefix_path.sh
-- Up-to-date: /home/lyq/bysj_ws/install/agv_simulation/share/agv_simulation/environment/ament_prefix_path.dsv
-- Up-to-date: /home/lyq/bysj_ws/install/agv_simulation/share/agv_simulation/environment/path.sh
-- Up-to-date: /home/lyq/bysj_ws/install/agv_simulation/share/agv_simulation/environment/path.dsv
-- Up-to-date: /home/lyq/bysj_ws/install/agv_simulation/share/agv_simulation/local_setup.bash
-- Up-to-date: /home/lyq/bysj_ws/install/agv_simulation/share/agv_simulation/local_setup.sh
-- Up-to-date: /home/lyq/bysj_ws/install/agv_simulation/share/agv_simulation/local_setup.zsh
-- Up-to-date: /home/lyq/bysj_ws/install/agv_simulation/share/agv_simulation/local_setup.dsv
-- Installing: /home/lyq/bysj_ws/install/agv_simulation/share/agv_simulation/package.dsv
-- Up-to-date: /home/lyq/bysj_ws/install/agv_simulation/share/ament_index/resource_index/packages/agv_simulation
-- Up-to-date: /home/lyq/bysj_ws/install/agv_simulation/share/agv_simulation/cmake/agv_simulationConfig.cmake
-- Up-to-date: /home/lyq/bysj_ws/install/agv_simulation/share/agv_simulation/cmake/agv_simulationConfig-version.cmake
-- Up-to-date: /home/lyq/bysj_ws/install/agv_simulation/share/agv_simulation/package.xml
