[0.013s] Invoking command in '/home/lyq/bysj_ws/build/agv_simulation': CMAKE_PREFIX_PATH=${CMAKE_PREFIX_PATH}:/opt/ros/humble /usr/bin/cmake --build /home/lyq/bysj_ws/build/agv_simulation -- -j2 -l2
[0.070s] [35m[1mConsolidate compiler generated dependencies of target ground_filter_node[0m
[0.070s] [35m[1mConsolidate compiler generated dependencies of target pointcloud_fusion_node[0m
[0.087s] [ 75%] Built target ground_filter_node
[0.087s] [100%] Built target pointcloud_fusion_node
[0.098s] Invoked command in '/home/lyq/bysj_ws/build/agv_simulation' returned '0': CMAKE_PREFIX_PATH=${CMAKE_PREFIX_PATH}:/opt/ros/humble /usr/bin/cmake --build /home/lyq/bysj_ws/build/agv_simulation -- -j2 -l2
[0.108s] Invoking command in '/home/lyq/bysj_ws/build/agv_simulation': CMAKE_PREFIX_PATH=${CMAKE_PREFIX_PATH}:/opt/ros/humble /usr/bin/cmake --install /home/lyq/bysj_ws/build/agv_simulation
[0.117s] -- Install configuration: ""
[0.117s] -- Up-to-date: /home/lyq/bysj_ws/install/agv_simulation/share/agv_simulation/description
[0.117s] -- Installing: /home/lyq/bysj_ws/install/agv_simulation/share/agv_simulation/description/inertial_macros.xacro
[0.117s] -- Up-to-date: /home/lyq/bysj_ws/install/agv_simulation/share/agv_simulation/description/robot.urdf.xacro
[0.117s] -- Up-to-date: /home/lyq/bysj_ws/install/agv_simulation/share/agv_simulation/launch
[0.117s] -- Up-to-date: /home/lyq/bysj_ws/install/agv_simulation/share/agv_simulation/launch/sim_perception.launch.py
[0.117s] -- Up-to-date: /home/lyq/bysj_ws/install/agv_simulation/share/agv_simulation/launch/agv_nav_full.launch.py
[0.117s] -- Up-to-date: /home/lyq/bysj_ws/install/agv_simulation/share/agv_simulation/launch/rsp.launch.py
[0.117s] -- Up-to-date: /home/lyq/bysj_ws/install/agv_simulation/share/agv_simulation/worlds
[0.117s] -- Up-to-date: /home/lyq/bysj_ws/install/agv_simulation/share/agv_simulation/worlds/simulation.world
[0.117s] -- Up-to-date: /home/lyq/bysj_ws/install/agv_simulation/share/agv_simulation/config
[0.117s] -- Up-to-date: /home/lyq/bysj_ws/install/agv_simulation/share/agv_simulation/config/mapper_params_online_async.yaml
[0.118s] -- Up-to-date: /home/lyq/bysj_ws/install/agv_simulation/share/agv_simulation/config/slam_config.rviz
[0.118s] -- Up-to-date: /home/lyq/bysj_ws/install/agv_simulation/share/agv_simulation/config/ekf.yaml
[0.118s] -- Up-to-date: /home/lyq/bysj_ws/install/agv_simulation/lib/agv_simulation/ground_filter_node
[0.118s] -- Up-to-date: /home/lyq/bysj_ws/install/agv_simulation/lib/agv_simulation/pointcloud_fusion_node
[0.118s] -- Up-to-date: /home/lyq/bysj_ws/install/agv_simulation/share/ament_index/resource_index/package_run_dependencies/agv_simulation
[0.118s] -- Up-to-date: /home/lyq/bysj_ws/install/agv_simulation/share/ament_index/resource_index/parent_prefix_path/agv_simulation
[0.118s] -- Up-to-date: /home/lyq/bysj_ws/install/agv_simulation/share/agv_simulation/environment/ament_prefix_path.sh
[0.118s] -- Up-to-date: /home/lyq/bysj_ws/install/agv_simulation/share/agv_simulation/environment/ament_prefix_path.dsv
[0.118s] -- Up-to-date: /home/lyq/bysj_ws/install/agv_simulation/share/agv_simulation/environment/path.sh
[0.119s] -- Up-to-date: /home/lyq/bysj_ws/install/agv_simulation/share/agv_simulation/environment/path.dsv
[0.119s] -- Up-to-date: /home/lyq/bysj_ws/install/agv_simulation/share/agv_simulation/local_setup.bash
[0.119s] -- Up-to-date: /home/lyq/bysj_ws/install/agv_simulation/share/agv_simulation/local_setup.sh
[0.119s] -- Up-to-date: /home/lyq/bysj_ws/install/agv_simulation/share/agv_simulation/local_setup.zsh
[0.119s] -- Up-to-date: /home/lyq/bysj_ws/install/agv_simulation/share/agv_simulation/local_setup.dsv
[0.119s] -- Installing: /home/lyq/bysj_ws/install/agv_simulation/share/agv_simulation/package.dsv
[0.119s] -- Up-to-date: /home/lyq/bysj_ws/install/agv_simulation/share/ament_index/resource_index/packages/agv_simulation
[0.119s] -- Up-to-date: /home/lyq/bysj_ws/install/agv_simulation/share/agv_simulation/cmake/agv_simulationConfig.cmake
[0.119s] -- Up-to-date: /home/lyq/bysj_ws/install/agv_simulation/share/agv_simulation/cmake/agv_simulationConfig-version.cmake
[0.119s] -- Up-to-date: /home/lyq/bysj_ws/install/agv_simulation/share/agv_simulation/package.xml
[0.122s] Invoked command in '/home/lyq/bysj_ws/build/agv_simulation' returned '0': CMAKE_PREFIX_PATH=${CMAKE_PREFIX_PATH}:/opt/ros/humble /usr/bin/cmake --install /home/lyq/bysj_ws/build/agv_simulation
