[33mCMake Warning (dev) at CMakeLists.txt:14 (find_package):
  Policy CMP0074 is not set: find_package uses <PackageName>_ROOT variables.
  Run "cmake --help-policy CMP0074" for policy details.  Use the cmake_policy
  command to set the policy and suppress this warning.

  CMake variable PCL_ROOT is set to:

    /usr

  For compatibility, CMake is ignoring the variable.
This warning is for project developers.  Use -Wno-dev to suppress it.
[0m
[01m[K/home/lyq/bysj_ws/src/agv_simulation/src/pointcloud_fusion_node.cpp:97:10:[m[K [01;31m[Kerror: [m[K‘[01m[Kshared_shared[m[K’ in namespace ‘[01m[Kstd[m[K’ does not name a template type; did you mean ‘[01m[Kmake_shared[m[K’?
   97 |     std::[01;31m[Kshared_shared[m[K<tf2_ros::Transform_listener> tf_listener_;
      |          [01;31m[K^~~~~~~~~~~~~[m[K
      |          [32m[Kmake_shared[m[K
[01m[K/home/lyq/bysj_ws/src/agv_simulation/src/pointcloud_fusion_node.cpp:[m[K In constructor ‘[01m[KPointCloudFusionNode::PointCloudFusionNode()[m[K’:
[01m[K/home/lyq/bysj_ws/src/agv_simulation/src/pointcloud_fusion_node.cpp:29:9:[m[K [01;31m[Kerror: [m[K‘[01m[Ktf_listener_[m[K’ was not declared in this scope
   29 |         [01;31m[Ktf_listener_[m[K = std::make_shared<tf2_ros::Transform_listener>(*tf_buffer_);
      |         [01;31m[K^~~~~~~~~~~~[m[K
[01m[K/home/lyq/bysj_ws/src/agv_simulation/src/pointcloud_fusion_node.cpp:29:50:[m[K [01;31m[Kerror: [m[K‘[01m[KTransform_listener[m[K’ is not a member of ‘[01m[Ktf2_ros[m[K’; did you mean ‘[01m[KTransformListener[m[K’?
   29 |         tf_listener_ = std::make_shared<tf2_ros::[01;31m[KTransform_listener[m[K>(*tf_buffer_);
      |                                                  [01;31m[K^~~~~~~~~~~~~~~~~~[m[K
      |                                                  [32m[KTransformListener[m[K
[01m[K/home/lyq/bysj_ws/src/agv_simulation/src/pointcloud_fusion_node.cpp:29:69:[m[K [01;31m[Kerror: [m[Kno matching function for call to ‘[01m[Kmake_shared<<expression error> >(tf2_ros::Buffer&)[m[K’
   29 |         tf_listener_ = [01;31m[Kstd::make_shared<tf2_ros::Transform_listener>(*tf_buffer_)[m[K;
      |                        [01;31m[K~~~~~~~~~~~~~~~~~~~~~~~~~~~~~~~~~~~~~~~~~~~~~^~~~~~~~~~~~~[m[K
In file included from [01m[K/usr/include/c++/11/memory:77[m[K,
                 from [01m[K/home/lyq/bysj_ws/src/agv_simulation/src/pointcloud_fusion_node.cpp:1[m[K:
[01m[K/usr/include/c++/11/bits/shared_ptr.h:875:5:[m[K [01;36m[Knote: [m[Kcandidate: ‘[01m[Ktemplate<class _Tp, class ... _Args> std::shared_ptr<_Tp> std::make_shared(_Args&& ...)[m[K’
  875 |     [01;36m[Kmake_shared[m[K(_Args&&... __args)
      |     [01;36m[K^~~~~~~~~~~[m[K
[01m[K/usr/include/c++/11/bits/shared_ptr.h:875:5:[m[K [01;36m[Knote: [m[K  template argument deduction/substitution failed:
[01m[K/home/lyq/bysj_ws/src/agv_simulation/src/pointcloud_fusion_node.cpp:29:69:[m[K [01;31m[Kerror: [m[Ktemplate argument 1 is invalid
   29 |         tf_listener_ = [01;31m[Kstd::make_shared<tf2_ros::Transform_listener>(*tf_buffer_)[m[K;
      |                        [01;31m[K~~~~~~~~~~~~~~~~~~~~~~~~~~~~~~~~~~~~~~~~~~~~~^~~~~~~~~~~~~[m[K
gmake[2]: *** [CMakeFiles/pointcloud_fusion_node.dir/build.make:76：CMakeFiles/pointcloud_fusion_node.dir/src/pointcloud_fusion_node.cpp.o] 错误 1
gmake[1]: *** [CMakeFiles/Makefile2:165：CMakeFiles/pointcloud_fusion_node.dir/all] 错误 2
gmake[1]: *** 正在等待未完成的任务....
gmake: *** [Makefile:146：all] 错误 2
