[0.011s] Invoking command in '/home/lyq/bysj_ws/build/agv_simulation': CMAKE_PREFIX_PATH=/opt/ros/humble /usr/bin/cmake /home/lyq/bysj_ws/src/agv_simulation -DCMAKE_INSTALL_PREFIX=/home/lyq/bysj_ws/install/agv_simulation
[0.076s] -- The C compiler identification is GNU 11.4.0
[0.189s] -- The CXX compiler identification is GNU 11.4.0
[0.199s] -- Detecting C compiler ABI info
[0.268s] -- Detecting C compiler ABI info - done
[0.274s] -- Check for working C compiler: /usr/bin/cc - skipped
[0.274s] -- Detecting C compile features
[0.276s] -- Detecting C compile features - done
[0.277s] -- Detecting CXX compiler ABI info
[0.360s] -- Detecting CXX compiler ABI info - done
[0.363s] -- Check for working CXX compiler: /usr/bin/c++ - skipped
[0.363s] -- Detecting CXX compile features
[0.364s] -- Detecting CXX compile features - done
[0.374s] -- Found ament_cmake: 1.3.13 (/opt/ros/humble/share/ament_cmake/cmake)
[0.494s] -- Found Python3: /usr/bin/python3 (found version "3.10.12") found components: Interpreter 
[0.572s] -- Found rclcpp: 16.0.18 (/opt/ros/humble/share/rclcpp/cmake)
[0.613s] -- Found rosidl_generator_c: 3.1.8 (/opt/ros/humble/share/rosidl_generator_c/cmake)
[0.616s] -- Found rosidl_adapter: 3.1.8 (/opt/ros/humble/share/rosidl_adapter/cmake)
[0.623s] -- Found rosidl_generator_cpp: 3.1.8 (/opt/ros/humble/share/rosidl_generator_cpp/cmake)
[0.635s] -- Using all available rosidl_typesupport_c: rosidl_typesupport_fastrtps_c;rosidl_typesupport_introspection_c
[0.653s] -- Using all available rosidl_typesupport_cpp: rosidl_typesupport_fastrtps_cpp;rosidl_typesupport_introspection_cpp
[0.690s] -- Found rmw_implementation_cmake: 6.1.2 (/opt/ros/humble/share/rmw_implementation_cmake/cmake)
[0.693s] -- Found rmw_fastrtps_cpp: 6.2.10 (/opt/ros/humble/share/rmw_fastrtps_cpp/cmake)
[0.778s] -- Found OpenSSL: /usr/lib/x86_64-linux-gnu/libcrypto.so (found version "3.0.2")  
[0.802s] -- Found FastRTPS: /opt/ros/humble/include  
[0.838s] -- Using RMW implementation 'rmw_fastrtps_cpp' as default
[0.847s] -- Looking for pthread.h
[0.925s] -- Looking for pthread.h - found
[0.926s] -- Performing Test CMAKE_HAVE_LIBC_PTHREAD
[1.001s] -- Performing Test CMAKE_HAVE_LIBC_PTHREAD - Success
[1.001s] -- Found Threads: TRUE  
[1.043s] -- Found sensor_msgs: 4.9.1 (/opt/ros/humble/share/sensor_msgs/cmake)
[1.069s] -- Found pcl_conversions: 2.4.5 (/opt/ros/humble/share/pcl_conversions/cmake)
[1.103s] -- Checking for module 'eigen3'
[1.117s] --   Found eigen3, version 3.4.0
[1.147s] -- Found Eigen: /usr/include/eigen3 (Required is at least version "3.1") 
[1.147s] -- Eigen found (include: /usr/include/eigen3, version: 3.4.0)
[1.185s] -- Checking for module 'flann'
[1.199s] --   Found flann, version 1.9.1
[1.240s] -- Found FLANN: /usr/lib/x86_64-linux-gnu/libflann_cpp.so  
[1.240s] -- FLANN found (include: /usr/include, lib: /usr/lib/x86_64-linux-gnu/libflann_cpp.so)
[2.138s] -- Checking for module 'libusb-1.0'
[2.154s] --   Found libusb-1.0, version 1.0.25
[2.191s] -- Found libusb: /usr/lib/x86_64-linux-gnu/libusb-1.0.so  
[2.192s] -- OpenNI found (version: 1.5.4.0, include: /usr/include/ni, lib: /usr/lib/libOpenNI.so;libusb::libusb)
[2.252s] -- OpenNI2 found (version: 2.2.0.33, include: /usr/include/openni2, lib: /usr/lib/x86_64-linux-gnu/libOpenNI2.so;libusb::libusb)
[2.374s] -- Eigen found (include: /usr/include/eigen3, version: 3.4.0)
[2.380s] -- OpenNI found (version: 1.5.4.0, include: /usr/include/ni, lib: /usr/lib/libOpenNI.so;libusb::libusb)
[2.386s] -- OpenNI2 found (version: 2.2.0.33, include: /usr/include/openni2, lib: /usr/lib/x86_64-linux-gnu/libOpenNI2.so;libusb::libusb)
[2.509s] -- Found Qhull version 8.0.2
[2.634s] -- OpenNI found (version: 1.5.4.0, include: /usr/include/ni, lib: /usr/lib/libOpenNI.so;libusb::libusb)
[2.756s] -- Found PCL_COMMON: /usr/lib/x86_64-linux-gnu/libpcl_common.so  
[2.759s] -- Found PCL_KDTREE: /usr/lib/x86_64-linux-gnu/libpcl_kdtree.so  
[2.760s] -- Found PCL_OCTREE: /usr/lib/x86_64-linux-gnu/libpcl_octree.so  
[2.761s] -- Found PCL_SEARCH: /usr/lib/x86_64-linux-gnu/libpcl_search.so  
[2.762s] -- Found PCL_SAMPLE_CONSENSUS: /usr/lib/x86_64-linux-gnu/libpcl_sample_consensus.so  
[2.762s] -- Found PCL_FILTERS: /usr/lib/x86_64-linux-gnu/libpcl_filters.so  
[2.764s] -- Found PCL_2D: /usr/include/pcl-1.12  
[2.764s] -- Found PCL_GEOMETRY: /usr/include/pcl-1.12  
[2.765s] -- Found PCL_IO: /usr/lib/x86_64-linux-gnu/libpcl_io.so  
[2.766s] -- Found PCL_FEATURES: /usr/lib/x86_64-linux-gnu/libpcl_features.so  
[2.766s] -- Found PCL_ML: /usr/lib/x86_64-linux-gnu/libpcl_ml.so  
[2.767s] -- Found PCL_SEGMENTATION: /usr/lib/x86_64-linux-gnu/libpcl_segmentation.so  
[2.769s] -- Found PCL_VISUALIZATION: /usr/lib/x86_64-linux-gnu/libpcl_visualization.so  
[2.770s] -- Found PCL_SURFACE: /usr/lib/x86_64-linux-gnu/libpcl_surface.so  
[2.772s] -- Found PCL_REGISTRATION: /usr/lib/x86_64-linux-gnu/libpcl_registration.so  
[2.776s] -- Found PCL_KEYPOINTS: /usr/lib/x86_64-linux-gnu/libpcl_keypoints.so  
[2.776s] -- Found PCL_TRACKING: /usr/lib/x86_64-linux-gnu/libpcl_tracking.so  
[2.776s] -- Found PCL_RECOGNITION: /usr/lib/x86_64-linux-gnu/libpcl_recognition.so  
[2.776s] -- Found PCL_STEREO: /usr/lib/x86_64-linux-gnu/libpcl_stereo.so  
[2.776s] -- Found PCL_APPS: /usr/lib/x86_64-linux-gnu/libpcl_apps.so  
[2.776s] -- Found PCL_IN_HAND_SCANNER: /usr/include/pcl-1.12  
[2.776s] -- Found PCL_MODELER: /usr/include/pcl-1.12  
[2.777s] -- Found PCL_POINT_CLOUD_EDITOR: /usr/include/pcl-1.12  
[2.777s] -- Found PCL_OUTOFCORE: /usr/lib/x86_64-linux-gnu/libpcl_outofcore.so  
[2.778s] -- Found PCL_PEOPLE: /usr/lib/x86_64-linux-gnu/libpcl_people.so  
[2.780s] -- Found pcl_ros: 2.4.5 (/opt/ros/humble/share/pcl_ros/cmake)
[2.823s] -- Found eigen3_cmake_module: 0.1.1 (/opt/ros/humble/share/eigen3_cmake_module/cmake)
[2.825s] -- Found Eigen3: TRUE (found version "3.4.0") 
[2.825s] -- Ensuring Eigen3 include directory is part of orocos-kdl CMake target
[2.931s] [33mCMake Warning (dev) at CMakeLists.txt:14 (find_package):
[2.931s]   Policy CMP0074 is not set: find_package uses <PackageName>_ROOT variables.
[2.931s]   Run "cmake --help-policy CMP0074" for policy details.  Use the cmake_policy
[2.931s]   command to set the policy and suppress this warning.
[2.931s] 
[2.931s]   CMake variable PCL_ROOT is set to:
[2.931s] 
[2.931s]     /usr
[2.932s] 
[2.932s]   For compatibility, CMake is ignoring the variable.
[2.932s] This warning is for project developers.  Use -Wno-dev to suppress it.
[2.932s] [0m
[2.942s] -- Found tf2_sensor_msgs: 0.25.19 (/opt/ros/humble/share/tf2_sensor_msgs/cmake)
[3.015s] -- Configuring done
[3.119s] -- Generating done
[3.137s] -- Build files have been written to: /home/lyq/bysj_ws/build/agv_simulation
[3.157s] Invoked command in '/home/lyq/bysj_ws/build/agv_simulation' returned '0': CMAKE_PREFIX_PATH=/opt/ros/humble /usr/bin/cmake /home/lyq/bysj_ws/src/agv_simulation -DCMAKE_INSTALL_PREFIX=/home/lyq/bysj_ws/install/agv_simulation
[3.160s] Invoking command in '/home/lyq/bysj_ws/build/agv_simulation': CMAKE_PREFIX_PATH=/opt/ros/humble /usr/bin/cmake --build /home/lyq/bysj_ws/build/agv_simulation -- -j2 -l2
[3.217s] [ 25%] [32mBuilding CXX object CMakeFiles/ground_filter_node.dir/src/ground_filter_node.cpp.o[0m
[3.218s] [ 50%] [32mBuilding CXX object CMakeFiles/pointcloud_fusion_node.dir/src/pointcloud_fusion_node.cpp.o[0m
[9.339s] [01m[K/home/lyq/bysj_ws/src/agv_simulation/src/pointcloud_fusion_node.cpp:97:10:[m[K [01;31m[Kerror: [m[KŌĆś[01m[Kshared_shared[m[KŌĆÖ in namespace ŌĆś[01m[Kstd[m[KŌĆÖ does not name a template type; did you mean ŌĆś[01m[Kmake_shared[m[KŌĆÖ?
[9.339s]    97 |     std::[01;31m[Kshared_shared[m[K<tf2_ros::Transform_listener> tf_listener_;
[9.339s]       |          [01;31m[K^~~~~~~~~~~~~[m[K
[9.339s]       |          [32m[Kmake_shared[m[K
[9.357s] [01m[K/home/lyq/bysj_ws/src/agv_simulation/src/pointcloud_fusion_node.cpp:[m[K In constructor ŌĆś[01m[KPointCloudFusionNode::PointCloudFusionNode()[m[KŌĆÖ:
[9.357s] [01m[K/home/lyq/bysj_ws/src/agv_simulation/src/pointcloud_fusion_node.cpp:29:9:[m[K [01;31m[Kerror: [m[KŌĆś[01m[Ktf_listener_[m[KŌĆÖ was not declared in this scope
[9.357s]    29 |         [01;31m[Ktf_listener_[m[K = std::make_shared<tf2_ros::Transform_listener>(*tf_buffer_);
[9.357s]       |         [01;31m[K^~~~~~~~~~~~[m[K
[9.357s] [01m[K/home/lyq/bysj_ws/src/agv_simulation/src/pointcloud_fusion_node.cpp:29:50:[m[K [01;31m[Kerror: [m[KŌĆś[01m[KTransform_listener[m[KŌĆÖ is not a member of ŌĆś[01m[Ktf2_ros[m[KŌĆÖ; did you mean ŌĆś[01m[KTransformListener[m[KŌĆÖ?
[9.357s]    29 |         tf_listener_ = std::make_shared<tf2_ros::[01;31m[KTransform_listener[m[K>(*tf_buffer_);
[9.357s]       |                                                  [01;31m[K^~~~~~~~~~~~~~~~~~[m[K
[9.357s]       |                                                  [32m[KTransformListener[m[K
[9.357s] [01m[K/home/lyq/bysj_ws/src/agv_simulation/src/pointcloud_fusion_node.cpp:29:69:[m[K [01;31m[Kerror: [m[Kno matching function for call to ŌĆś[01m[Kmake_shared<<expression error> >(tf2_ros::Buffer&)[m[KŌĆÖ
[9.357s]    29 |         tf_listener_ = [01;31m[Kstd::make_shared<tf2_ros::Transform_listener>(*tf_buffer_)[m[K;
[9.357s]       |                        [01;31m[K~~~~~~~~~~~~~~~~~~~~~~~~~~~~~~~~~~~~~~~~~~~~~^~~~~~~~~~~~~[m[K
[9.357s] In file included from [01m[K/usr/include/c++/11/memory:77[m[K,
[9.357s]                  from [01m[K/home/lyq/bysj_ws/src/agv_simulation/src/pointcloud_fusion_node.cpp:1[m[K:
[9.358s] [01m[K/usr/include/c++/11/bits/shared_ptr.h:875:5:[m[K [01;36m[Knote: [m[Kcandidate: ŌĆś[01m[Ktemplate<class _Tp, class ... _Args> std::shared_ptr<_Tp> std::make_shared(_Args&& ...)[m[KŌĆÖ
[9.358s]   875 |     [01;36m[Kmake_shared[m[K(_Args&&... __args)
[9.358s]       |     [01;36m[K^~~~~~~~~~~[m[K
[9.358s] [01m[K/usr/include/c++/11/bits/shared_ptr.h:875:5:[m[K [01;36m[Knote: [m[K  template argument deduction/substitution failed:
[9.358s] [01m[K/home/lyq/bysj_ws/src/agv_simulation/src/pointcloud_fusion_node.cpp:29:69:[m[K [01;31m[Kerror: [m[Ktemplate argument 1 is invalid
[9.358s]    29 |         tf_listener_ = [01;31m[Kstd::make_shared<tf2_ros::Transform_listener>(*tf_buffer_)[m[K;
[9.358s]       |                        [01;31m[K~~~~~~~~~~~~~~~~~~~~~~~~~~~~~~~~~~~~~~~~~~~~~^~~~~~~~~~~~~[m[K
[12.853s] gmake[2]: *** [CMakeFiles/pointcloud_fusion_node.dir/build.make:76’╝ÜCMakeFiles/pointcloud_fusion_node.dir/src/pointcloud_fusion_node.cpp.o] ķöÖĶ»» 1
[12.853s] gmake[1]: *** [CMakeFiles/Makefile2:165’╝ÜCMakeFiles/pointcloud_fusion_node.dir/all] ķöÖĶ»» 2
[12.853s] gmake[1]: *** µŁŻÕ£©ńŁēÕŠģµ£¬Õ«īµłÉńÜäõ╗╗ÕŖĪ....
[15.133s] [ 75%] [32m[1mLinking CXX executable ground_filter_node[0m
[16.489s] [ 75%] Built target ground_filter_node
[16.491s] gmake: *** [Makefile:146’╝Üall] ķöÖĶ»» 2
[16.496s] Invoked command in '/home/lyq/bysj_ws/build/agv_simulation' returned '2': CMAKE_PREFIX_PATH=/opt/ros/humble /usr/bin/cmake --build /home/lyq/bysj_ws/build/agv_simulation -- -j2 -l2
