[0.010s] Invoking command in '/home/lyq/bysj_ws/build/agv_simulation': CMAKE_PREFIX_PATH=/opt/ros/humble /usr/bin/cmake --build /home/lyq/bysj_ws/build/agv_simulation -- -j2 -l2
[0.057s] -- Found ament_cmake: 1.3.13 (/opt/ros/humble/share/ament_cmake/cmake)
[0.177s] -- Override CMake install command with custom implementation using symlinks instead of copying resources
[0.201s] -- Found rclcpp: 16.0.18 (/opt/ros/humble/share/rclcpp/cmake)
[0.249s] -- Found rosidl_generator_c: 3.1.8 (/opt/ros/humble/share/rosidl_generator_c/cmake)
[0.252s] -- Found rosidl_adapter: 3.1.8 (/opt/ros/humble/share/rosidl_adapter/cmake)
[0.263s] -- Found rosidl_generator_cpp: 3.1.8 (/opt/ros/humble/share/rosidl_generator_cpp/cmake)
[0.278s] -- Using all available rosidl_typesupport_c: rosidl_typesupport_fastrtps_c;rosidl_typesupport_introspection_c
[0.294s] -- Using all available rosidl_typesupport_cpp: rosidl_typesupport_fastrtps_cpp;rosidl_typesupport_introspection_cpp
[0.340s] -- Found rmw_implementation_cmake: 6.1.2 (/opt/ros/humble/share/rmw_implementation_cmake/cmake)
[0.343s] -- Found rmw_fastrtps_cpp: 6.2.10 (/opt/ros/humble/share/rmw_fastrtps_cpp/cmake)
[0.461s] -- Using RMW implementation 'rmw_fastrtps_cpp' as default
[0.525s] -- Found sensor_msgs: 4.9.1 (/opt/ros/humble/share/sensor_msgs/cmake)
[0.559s] -- Found pcl_conversions: 2.4.5 (/opt/ros/humble/share/pcl_conversions/cmake)
[0.598s] -- Eigen found (include: /usr/include/eigen3, version: 3.4.0)
[0.636s] -- FLANN found (include: /usr/include, lib: /usr/lib/x86_64-linux-gnu/libflann_cpp.so)
[1.104s] -- OpenNI found (version: 1.5.4.0, include: /usr/include/ni, lib: /usr/lib/libOpenNI.so;libusb::libusb)
[1.110s] -- OpenNI2 found (version: 2.2.0.33, include: /usr/include/openni2, lib: /usr/lib/x86_64-linux-gnu/libOpenNI2.so;libusb::libusb)
[1.240s] -- Eigen found (include: /usr/include/eigen3, version: 3.4.0)
[1.247s] -- OpenNI found (version: 1.5.4.0, include: /usr/include/ni, lib: /usr/lib/libOpenNI.so;libusb::libusb)
[1.253s] -- OpenNI2 found (version: 2.2.0.33, include: /usr/include/openni2, lib: /usr/lib/x86_64-linux-gnu/libOpenNI2.so;libusb::libusb)
[1.369s] -- Found Qhull version 8.0.2
[1.493s] -- OpenNI found (version: 1.5.4.0, include: /usr/include/ni, lib: /usr/lib/libOpenNI.so;libusb::libusb)
[1.626s] [31mCMake Error at CMakeLists.txt:13 (find_package):
[1.626s]   By not providing "Findpcl_ros.cmake" in CMAKE_MODULE_PATH this project has
[1.626s]   asked CMake to find a package configuration file provided by "pcl_ros", but
[1.626s]   CMake did not find one.
[1.626s] 
[1.626s]   Could not find a package configuration file provided by "pcl_ros" with any
[1.626s]   of the following names:
[1.626s] 
[1.626s]     pcl_rosConfig.cmake
[1.626s]     pcl_ros-config.cmake
[1.626s] 
[1.627s]   Add the installation prefix of "pcl_ros" to CMAKE_PREFIX_PATH or set
[1.627s]   "pcl_ros_DIR" to a directory containing one of the above files.  If
[1.627s]   "pcl_ros" provides a separate development package or SDK, be sure it has
[1.627s]   been installed.
[1.627s] 
[1.627s] [0m
[1.627s] -- Configuring incomplete, errors occurred!
[1.627s] See also "/home/lyq/bysj_ws/build/agv_simulation/CMakeFiles/CMakeOutput.log".
[1.639s] gmake: *** [Makefile:267：cmake_check_build_system] 错误 1
[1.643s] Invoked command in '/home/lyq/bysj_ws/build/agv_simulation' returned '2': CMAKE_PREFIX_PATH=/opt/ros/humble /usr/bin/cmake --build /home/lyq/bysj_ws/build/agv_simulation -- -j2 -l2
