[0.012s] Invoking command in '/home/lyq/bysj_ws/build/agv_simulation': CMAKE_PREFIX_PATH=${CMAKE_PREFIX_PATH}:/opt/ros/humble /usr/bin/cmake /home/lyq/bysj_ws/src/agv_simulation -DCMAKE_INSTALL_PREFIX=/home/lyq/bysj_ws/install/agv_simulation
[0.068s] -- The C compiler identification is GNU 11.4.0
[0.122s] -- The CXX compiler identification is GNU 11.4.0
[0.129s] -- Detecting C compiler ABI info
[0.200s] -- Detecting C compiler ABI info - done
[0.205s] -- Check for working C compiler: /usr/bin/cc - skipped
[0.206s] -- Detecting C compile features
[0.206s] -- Detecting C compile features - done
[0.209s] -- Detecting CXX compiler ABI info
[0.296s] -- Detecting CXX compiler ABI info - done
[0.296s] -- Check for working CXX compiler: /usr/bin/c++ - skipped
[0.296s] -- Detecting CXX compile features
[0.296s] -- Detecting CXX compile features - done
[0.300s] -- Found ament_cmake: 1.3.13 (/opt/ros/humble/share/ament_cmake/cmake)
[0.425s] -- Found Python3: /usr/bin/python3 (found version "3.10.12") found components: Interpreter 
[0.513s] -- Found rclcpp: 16.0.18 (/opt/ros/humble/share/rclcpp/cmake)
[0.558s] -- Found rosidl_generator_c: 3.1.8 (/opt/ros/humble/share/rosidl_generator_c/cmake)
[0.563s] -- Found rosidl_adapter: 3.1.8 (/opt/ros/humble/share/rosidl_adapter/cmake)
[0.572s] -- Found rosidl_generator_cpp: 3.1.8 (/opt/ros/humble/share/rosidl_generator_cpp/cmake)
[0.584s] -- Using all available rosidl_typesupport_c: rosidl_typesupport_fastrtps_c;rosidl_typesupport_introspection_c
[0.598s] -- Using all available rosidl_typesupport_cpp: rosidl_typesupport_fastrtps_cpp;rosidl_typesupport_introspection_cpp
[0.641s] -- Found rmw_implementation_cmake: 6.1.2 (/opt/ros/humble/share/rmw_implementation_cmake/cmake)
[0.644s] -- Found rmw_fastrtps_cpp: 6.2.10 (/opt/ros/humble/share/rmw_fastrtps_cpp/cmake)
[0.730s] -- Found OpenSSL: /usr/lib/x86_64-linux-gnu/libcrypto.so (found version "3.0.2")  
[0.756s] -- Found FastRTPS: /opt/ros/humble/include  
[0.794s] -- Using RMW implementation 'rmw_fastrtps_cpp' as default
[0.806s] -- Looking for pthread.h
[0.874s] -- Looking for pthread.h - found
[0.874s] -- Performing Test CMAKE_HAVE_LIBC_PTHREAD
[0.949s] -- Performing Test CMAKE_HAVE_LIBC_PTHREAD - Success
[0.949s] -- Found Threads: TRUE  
[0.998s] -- Found sensor_msgs: 4.9.1 (/opt/ros/humble/share/sensor_msgs/cmake)
[1.026s] -- Found pcl_conversions: 2.4.5 (/opt/ros/humble/share/pcl_conversions/cmake)
[1.061s] -- Checking for module 'eigen3'
[1.075s] --   Found eigen3, version 3.4.0
[1.105s] -- Found Eigen: /usr/include/eigen3 (Required is at least version "3.1") 
[1.105s] -- Eigen found (include: /usr/include/eigen3, version: 3.4.0)
[1.141s] -- Checking for module 'flann'
[1.156s] --   Found flann, version 1.9.1
[1.193s] -- Found FLANN: /usr/lib/x86_64-linux-gnu/libflann_cpp.so  
[1.195s] -- FLANN found (include: /usr/include, lib: /usr/lib/x86_64-linux-gnu/libflann_cpp.so)
[2.121s] -- Checking for module 'libusb-1.0'
[2.137s] --   Found libusb-1.0, version 1.0.25
[2.184s] -- Found libusb: /usr/lib/x86_64-linux-gnu/libusb-1.0.so  
[2.185s] -- OpenNI found (version: 1.5.4.0, include: /usr/include/ni, lib: /usr/lib/libOpenNI.so;libusb::libusb)
[2.266s] -- OpenNI2 found (version: 2.2.0.33, include: /usr/include/openni2, lib: /usr/lib/x86_64-linux-gnu/libOpenNI2.so;libusb::libusb)
[2.407s] -- Eigen found (include: /usr/include/eigen3, version: 3.4.0)
[2.414s] -- OpenNI found (version: 1.5.4.0, include: /usr/include/ni, lib: /usr/lib/libOpenNI.so;libusb::libusb)
[2.421s] -- OpenNI2 found (version: 2.2.0.33, include: /usr/include/openni2, lib: /usr/lib/x86_64-linux-gnu/libOpenNI2.so;libusb::libusb)
[2.545s] -- Found Qhull version 8.0.2
[2.673s] -- OpenNI found (version: 1.5.4.0, include: /usr/include/ni, lib: /usr/lib/libOpenNI.so;libusb::libusb)
[2.796s] -- Found PCL_COMMON: /usr/lib/x86_64-linux-gnu/libpcl_common.so  
[2.798s] -- Found PCL_KDTREE: /usr/lib/x86_64-linux-gnu/libpcl_kdtree.so  
[2.798s] -- Found PCL_OCTREE: /usr/lib/x86_64-linux-gnu/libpcl_octree.so  
[2.799s] -- Found PCL_SEARCH: /usr/lib/x86_64-linux-gnu/libpcl_search.so  
[2.799s] -- Found PCL_SAMPLE_CONSENSUS: /usr/lib/x86_64-linux-gnu/libpcl_sample_consensus.so  
[2.800s] -- Found PCL_FILTERS: /usr/lib/x86_64-linux-gnu/libpcl_filters.so  
[2.801s] -- Found PCL_2D: /usr/include/pcl-1.12  
[2.801s] -- Found PCL_GEOMETRY: /usr/include/pcl-1.12  
[2.802s] -- Found PCL_IO: /usr/lib/x86_64-linux-gnu/libpcl_io.so  
[2.802s] -- Found PCL_FEATURES: /usr/lib/x86_64-linux-gnu/libpcl_features.so  
[2.803s] -- Found PCL_ML: /usr/lib/x86_64-linux-gnu/libpcl_ml.so  
[2.804s] -- Found PCL_SEGMENTATION: /usr/lib/x86_64-linux-gnu/libpcl_segmentation.so  
[2.805s] -- Found PCL_VISUALIZATION: /usr/lib/x86_64-linux-gnu/libpcl_visualization.so  
[2.806s] -- Found PCL_SURFACE: /usr/lib/x86_64-linux-gnu/libpcl_surface.so  
[2.806s] -- Found PCL_REGISTRATION: /usr/lib/x86_64-linux-gnu/libpcl_registration.so  
[2.808s] -- Found PCL_KEYPOINTS: /usr/lib/x86_64-linux-gnu/libpcl_keypoints.so  
[2.808s] -- Found PCL_TRACKING: /usr/lib/x86_64-linux-gnu/libpcl_tracking.so  
[2.809s] -- Found PCL_RECOGNITION: /usr/lib/x86_64-linux-gnu/libpcl_recognition.so  
[2.810s] -- Found PCL_STEREO: /usr/lib/x86_64-linux-gnu/libpcl_stereo.so  
[2.810s] -- Found PCL_APPS: /usr/lib/x86_64-linux-gnu/libpcl_apps.so  
[2.811s] -- Found PCL_IN_HAND_SCANNER: /usr/include/pcl-1.12  
[2.811s] -- Found PCL_MODELER: /usr/include/pcl-1.12  
[2.812s] -- Found PCL_POINT_CLOUD_EDITOR: /usr/include/pcl-1.12  
[2.813s] -- Found PCL_OUTOFCORE: /usr/lib/x86_64-linux-gnu/libpcl_outofcore.so  
[2.813s] -- Found PCL_PEOPLE: /usr/lib/x86_64-linux-gnu/libpcl_people.so  
[2.817s] -- Found pcl_ros: 2.4.5 (/opt/ros/humble/share/pcl_ros/cmake)
[2.853s] -- Found eigen3_cmake_module: 0.1.1 (/opt/ros/humble/share/eigen3_cmake_module/cmake)
[2.854s] -- Found Eigen3: TRUE (found version "3.4.0") 
[2.855s] -- Ensuring Eigen3 include directory is part of orocos-kdl CMake target
[2.948s] [33mCMake Warning (dev) at CMakeLists.txt:14 (find_package):
[2.948s]   Policy CMP0074 is not set: find_package uses <PackageName>_ROOT variables.
[2.948s]   Run "cmake --help-policy CMP0074" for policy details.  Use the cmake_policy
[2.948s]   command to set the policy and suppress this warning.
[2.948s] 
[2.948s]   CMake variable PCL_ROOT is set to:
[2.948s] 
[2.948s]     /usr
[2.948s] 
[2.948s]   For compatibility, CMake is ignoring the variable.
[2.948s] This warning is for project developers.  Use -Wno-dev to suppress it.
[2.948s] [0m
[2.958s] -- Found tf2_sensor_msgs: 0.25.19 (/opt/ros/humble/share/tf2_sensor_msgs/cmake)
[3.035s] -- Configuring done
[3.115s] -- Generating done
[3.136s] -- Build files have been written to: /home/lyq/bysj_ws/build/agv_simulation
[3.156s] Invoked command in '/home/lyq/bysj_ws/build/agv_simulation' returned '0': CMAKE_PREFIX_PATH=${CMAKE_PREFIX_PATH}:/opt/ros/humble /usr/bin/cmake /home/lyq/bysj_ws/src/agv_simulation -DCMAKE_INSTALL_PREFIX=/home/lyq/bysj_ws/install/agv_simulation
[3.159s] Invoking command in '/home/lyq/bysj_ws/build/agv_simulation': CMAKE_PREFIX_PATH=${CMAKE_PREFIX_PATH}:/opt/ros/humble /usr/bin/cmake --build /home/lyq/bysj_ws/build/agv_simulation -- -j2 -l2
[3.217s] [ 50%] [32mBuilding CXX object CMakeFiles/ground_filter_node.dir/src/ground_filter_node.cpp.o[0m
[3.217s] [ 50%] [32mBuilding CXX object CMakeFiles/pointcloud_fusion_node.dir/src/pointcloud_fusion_node.cpp.o[0m
[8.319s] [01m[K/home/lyq/bysj_ws/src/agv_simulation/src/pointcloud_fusion_node.cpp:[m[K In member function ‘[01m[Kvoid PointCloudFusionNode::process_cloud(sensor_msgs::msg::PointCloud2_<std::allocator<void> >::SharedPtr, std::string)[m[K’:
[8.319s] [01m[K/home/lyq/bysj_ws/src/agv_simulation/src/pointcloud_fusion_node.cpp:55:88:[m[K [01;35m[Kwarning: [m[Kunused parameter ‘[01m[Ksensor_type[m[K’ [[01;35m[K]8;;https://gcc.gnu.org/onlinedocs/gcc/Warning-Options.html#index-Wunused-parameter-Wunused-parameter]8;;[m[K]
[8.319s]    55 |     void process_cloud(const sensor_msgs::msg::PointCloud2::SharedPtr msg, [01;35m[Kstd::string sensor_type[m[K) {
[8.319s]       |                                                                            [01;35m[K~~~~~~~~~~~~^~~~~~~~~~~[m[K
[14.057s] [ 75%] [32m[1mLinking CXX executable ground_filter_node[0m
[15.398s] [ 75%] Built target ground_filter_node
[15.705s] [100%] [32m[1mLinking CXX executable pointcloud_fusion_node[0m
[16.645s] [100%] Built target pointcloud_fusion_node
[16.659s] Invoked command in '/home/lyq/bysj_ws/build/agv_simulation' returned '0': CMAKE_PREFIX_PATH=${CMAKE_PREFIX_PATH}:/opt/ros/humble /usr/bin/cmake --build /home/lyq/bysj_ws/build/agv_simulation -- -j2 -l2
[16.670s] Invoking command in '/home/lyq/bysj_ws/build/agv_simulation': CMAKE_PREFIX_PATH=${CMAKE_PREFIX_PATH}:/opt/ros/humble /usr/bin/cmake --install /home/lyq/bysj_ws/build/agv_simulation
[16.680s] -- Install configuration: ""
[16.680s] -- Installing: /home/lyq/bysj_ws/install/agv_simulation/share/agv_simulation/description
[16.680s] -- Installing: /home/lyq/bysj_ws/install/agv_simulation/share/agv_simulation/description/robot.urdf.xacro
[16.681s] -- Installing: /home/lyq/bysj_ws/install/agv_simulation/share/agv_simulation/launch
[16.681s] -- Installing: /home/lyq/bysj_ws/install/agv_simulation/share/agv_simulation/launch/sim_perception.launch.py
[16.681s] -- Installing: /home/lyq/bysj_ws/install/agv_simulation/share/agv_simulation/launch/agv_nav_full.launch.py
[16.681s] -- Installing: /home/lyq/bysj_ws/install/agv_simulation/share/agv_simulation/launch/rsp.launch.py
[16.682s] -- Installing: /home/lyq/bysj_ws/install/agv_simulation/share/agv_simulation/worlds
[16.682s] -- Installing: /home/lyq/bysj_ws/install/agv_simulation/share/agv_simulation/worlds/simulation.world
[16.683s] -- Installing: /home/lyq/bysj_ws/install/agv_simulation/share/agv_simulation/config
[16.683s] -- Installing: /home/lyq/bysj_ws/install/agv_simulation/share/agv_simulation/config/mapper_params_online_async.yaml
[16.683s] -- Installing: /home/lyq/bysj_ws/install/agv_simulation/share/agv_simulation/config/slam_config.rviz
[16.684s] -- Installing: /home/lyq/bysj_ws/install/agv_simulation/share/agv_simulation/config/ekf.yaml
[16.687s] -- Installing: /home/lyq/bysj_ws/install/agv_simulation/lib/agv_simulation/ground_filter_node
[16.689s] -- Set runtime path of "/home/lyq/bysj_ws/install/agv_simulation/lib/agv_simulation/ground_filter_node" to ""
[16.689s] -- Installing: /home/lyq/bysj_ws/install/agv_simulation/lib/agv_simulation/pointcloud_fusion_node
[16.694s] -- Set runtime path of "/home/lyq/bysj_ws/install/agv_simulation/lib/agv_simulation/pointcloud_fusion_node" to ""
[16.694s] -- Installing: /home/lyq/bysj_ws/install/agv_simulation/share/ament_index/resource_index/package_run_dependencies/agv_simulation
[16.694s] -- Installing: /home/lyq/bysj_ws/install/agv_simulation/share/ament_index/resource_index/parent_prefix_path/agv_simulation
[16.694s] -- Installing: /home/lyq/bysj_ws/install/agv_simulation/share/agv_simulation/environment/ament_prefix_path.sh
[16.695s] -- Installing: /home/lyq/bysj_ws/install/agv_simulation/share/agv_simulation/environment/ament_prefix_path.dsv
[16.695s] -- Installing: /home/lyq/bysj_ws/install/agv_simulation/share/agv_simulation/environment/path.sh
[16.695s] -- Installing: /home/lyq/bysj_ws/install/agv_simulation/share/agv_simulation/environment/path.dsv
[16.696s] -- Installing: /home/lyq/bysj_ws/install/agv_simulation/share/agv_simulation/local_setup.bash
[16.696s] -- Installing: /home/lyq/bysj_ws/install/agv_simulation/share/agv_simulation/local_setup.sh
[16.696s] -- Installing: /home/lyq/bysj_ws/install/agv_simulation/share/agv_simulation/local_setup.zsh
[16.696s] -- Installing: /home/lyq/bysj_ws/install/agv_simulation/share/agv_simulation/local_setup.dsv
[16.696s] -- Installing: /home/lyq/bysj_ws/install/agv_simulation/share/agv_simulation/package.dsv
[16.697s] -- Installing: /home/lyq/bysj_ws/install/agv_simulation/share/ament_index/resource_index/packages/agv_simulation
[16.697s] -- Installing: /home/lyq/bysj_ws/install/agv_simulation/share/agv_simulation/cmake/agv_simulationConfig.cmake
[16.697s] -- Installing: /home/lyq/bysj_ws/install/agv_simulation/share/agv_simulation/cmake/agv_simulationConfig-version.cmake
[16.697s] -- Installing: /home/lyq/bysj_ws/install/agv_simulation/share/agv_simulation/package.xml
[16.700s] Invoked command in '/home/lyq/bysj_ws/build/agv_simulation' returned '0': CMAKE_PREFIX_PATH=${CMAKE_PREFIX_PATH}:/opt/ros/humble /usr/bin/cmake --install /home/lyq/bysj_ws/build/agv_simulation
