[0.014s] Invoking command in '/home/lyq/bysj_ws/build/agv_simulation': CMAKE_PREFIX_PATH=/opt/ros/humble /usr/bin/cmake /home/lyq/bysj_ws/src/agv_simulation -DAMENT_CMAKE_SYMLINK_INSTALL=1 -DCMAKE_INSTALL_PREFIX=/home/lyq/bysj_ws/install/agv_simulation
[0.065s] -- The C compiler identification is GNU 11.4.0
[0.113s] -- The CXX compiler identification is GNU 11.4.0
[0.119s] -- Detecting C compiler ABI info
[0.185s] -- Detecting C compiler ABI info - done
[0.190s] -- Check for working C compiler: /usr/bin/cc - skipped
[0.190s] -- Detecting C compile features
[0.190s] -- Detecting C compile features - done
[0.192s] -- Detecting CXX compiler ABI info
[0.266s] -- Detecting CXX compiler ABI info - done
[0.271s] -- Check for working CXX compiler: /usr/bin/c++ - skipped
[0.271s] -- Detecting CXX compile features
[0.272s] -- Detecting CXX compile features - done
[0.275s] -- Found ament_cmake: 1.3.13 (/opt/ros/humble/share/ament_cmake/cmake)
[0.394s] -- Found Python3: /usr/bin/python3 (found version "3.10.12") found components: Interpreter 
[0.442s] -- Override CMake install command with custom implementation using symlinks instead of copying resources
[0.467s] -- Found rclcpp: 16.0.18 (/opt/ros/humble/share/rclcpp/cmake)
[0.499s] -- Found rosidl_generator_c: 3.1.8 (/opt/ros/humble/share/rosidl_generator_c/cmake)
[0.510s] -- Found rosidl_adapter: 3.1.8 (/opt/ros/humble/share/rosidl_adapter/cmake)
[0.510s] -- Found rosidl_generator_cpp: 3.1.8 (/opt/ros/humble/share/rosidl_generator_cpp/cmake)
[0.519s] -- Using all available rosidl_typesupport_c: rosidl_typesupport_fastrtps_c;rosidl_typesupport_introspection_c
[0.531s] -- Using all available rosidl_typesupport_cpp: rosidl_typesupport_fastrtps_cpp;rosidl_typesupport_introspection_cpp
[0.564s] -- Found rmw_implementation_cmake: 6.1.2 (/opt/ros/humble/share/rmw_implementation_cmake/cmake)
[0.566s] -- Found rmw_fastrtps_cpp: 6.2.10 (/opt/ros/humble/share/rmw_fastrtps_cpp/cmake)
[0.646s] -- Found OpenSSL: /usr/lib/x86_64-linux-gnu/libcrypto.so (found version "3.0.2")  
[0.671s] -- Found FastRTPS: /opt/ros/humble/include  
[0.709s] -- Using RMW implementation 'rmw_fastrtps_cpp' as default
[0.716s] -- Looking for pthread.h
[0.785s] -- Looking for pthread.h - found
[0.786s] -- Performing Test CMAKE_HAVE_LIBC_PTHREAD
[0.855s] -- Performing Test CMAKE_HAVE_LIBC_PTHREAD - Success
[0.856s] -- Found Threads: TRUE  
[0.893s] -- Found sensor_msgs: 4.9.1 (/opt/ros/humble/share/sensor_msgs/cmake)
[0.916s] -- Found pcl_conversions: 2.4.5 (/opt/ros/humble/share/pcl_conversions/cmake)
[0.948s] -- Checking for module 'eigen3'
[0.961s] --   Found eigen3, version 3.4.0
[0.993s] -- Found Eigen: /usr/include/eigen3 (Required is at least version "3.1") 
[0.993s] -- Eigen found (include: /usr/include/eigen3, version: 3.4.0)
[1.024s] -- Checking for module 'flann'
[1.038s] --   Found flann, version 1.9.1
[1.079s] -- Found FLANN: /usr/lib/x86_64-linux-gnu/libflann_cpp.so  
[1.079s] -- FLANN found (include: /usr/include, lib: /usr/lib/x86_64-linux-gnu/libflann_cpp.so)
[1.918s] -- Checking for module 'libusb-1.0'
[1.931s] --   Found libusb-1.0, version 1.0.25
[1.969s] -- Found libusb: /usr/lib/x86_64-linux-gnu/libusb-1.0.so  
[1.970s] -- OpenNI found (version: 1.5.4.0, include: /usr/include/ni, lib: /usr/lib/libOpenNI.so;libusb::libusb)
[2.032s] -- OpenNI2 found (version: 2.2.0.33, include: /usr/include/openni2, lib: /usr/lib/x86_64-linux-gnu/libOpenNI2.so;libusb::libusb)
[2.161s] -- Eigen found (include: /usr/include/eigen3, version: 3.4.0)
[2.167s] -- OpenNI found (version: 1.5.4.0, include: /usr/include/ni, lib: /usr/lib/libOpenNI.so;libusb::libusb)
[2.172s] -- OpenNI2 found (version: 2.2.0.33, include: /usr/include/openni2, lib: /usr/lib/x86_64-linux-gnu/libOpenNI2.so;libusb::libusb)
[2.290s] -- Found Qhull version 8.0.2
[2.412s] -- OpenNI found (version: 1.5.4.0, include: /usr/include/ni, lib: /usr/lib/libOpenNI.so;libusb::libusb)
[2.532s] -- Found PCL_COMMON: /usr/lib/x86_64-linux-gnu/libpcl_common.so  
[2.533s] -- Found PCL_KDTREE: /usr/lib/x86_64-linux-gnu/libpcl_kdtree.so  
[2.534s] -- Found PCL_OCTREE: /usr/lib/x86_64-linux-gnu/libpcl_octree.so  
[2.534s] -- Found PCL_SEARCH: /usr/lib/x86_64-linux-gnu/libpcl_search.so  
[2.535s] -- Found PCL_SAMPLE_CONSENSUS: /usr/lib/x86_64-linux-gnu/libpcl_sample_consensus.so  
[2.536s] -- Found PCL_FILTERS: /usr/lib/x86_64-linux-gnu/libpcl_filters.so  
[2.536s] -- Found PCL_2D: /usr/include/pcl-1.12  
[2.536s] -- Found PCL_GEOMETRY: /usr/include/pcl-1.12  
[2.537s] -- Found PCL_IO: /usr/lib/x86_64-linux-gnu/libpcl_io.so  
[2.538s] -- Found PCL_FEATURES: /usr/lib/x86_64-linux-gnu/libpcl_features.so  
[2.539s] -- Found PCL_ML: /usr/lib/x86_64-linux-gnu/libpcl_ml.so  
[2.539s] -- Found PCL_SEGMENTATION: /usr/lib/x86_64-linux-gnu/libpcl_segmentation.so  
[2.540s] -- Found PCL_VISUALIZATION: /usr/lib/x86_64-linux-gnu/libpcl_visualization.so  
[2.541s] -- Found PCL_SURFACE: /usr/lib/x86_64-linux-gnu/libpcl_surface.so  
[2.542s] -- Found PCL_REGISTRATION: /usr/lib/x86_64-linux-gnu/libpcl_registration.so  
[2.543s] -- Found PCL_KEYPOINTS: /usr/lib/x86_64-linux-gnu/libpcl_keypoints.so  
[2.543s] -- Found PCL_TRACKING: /usr/lib/x86_64-linux-gnu/libpcl_tracking.so  
[2.544s] -- Found PCL_RECOGNITION: /usr/lib/x86_64-linux-gnu/libpcl_recognition.so  
[2.545s] -- Found PCL_STEREO: /usr/lib/x86_64-linux-gnu/libpcl_stereo.so  
[2.546s] -- Found PCL_APPS: /usr/lib/x86_64-linux-gnu/libpcl_apps.so  
[2.546s] -- Found PCL_IN_HAND_SCANNER: /usr/include/pcl-1.12  
[2.547s] -- Found PCL_MODELER: /usr/include/pcl-1.12  
[2.547s] -- Found PCL_POINT_CLOUD_EDITOR: /usr/include/pcl-1.12  
[2.548s] -- Found PCL_OUTOFCORE: /usr/lib/x86_64-linux-gnu/libpcl_outofcore.so  
[2.548s] -- Found PCL_PEOPLE: /usr/lib/x86_64-linux-gnu/libpcl_people.so  
[2.550s] [33mCMake Warning (dev) at CMakeLists.txt:13 (find_package):
[2.550s]   Policy CMP0074 is not set: find_package uses <PackageName>_ROOT variables.
[2.550s]   Run "cmake --help-policy CMP0074" for policy details.  Use the cmake_policy
[2.550s]   command to set the policy and suppress this warning.
[2.550s] 
[2.550s]   CMake variable PCL_ROOT is set to:
[2.550s] 
[2.550s]     /usr
[2.550s] 
[2.550s]   For compatibility, CMake is ignoring the variable.
[2.550s] This warning is for project developers.  Use -Wno-dev to suppress it.
[2.550s] [0m
[2.559s] -- Found tf2: 0.25.19 (/opt/ros/humble/share/tf2/cmake)
[2.569s] -- Found tf2_ros: 0.25.19 (/opt/ros/humble/share/tf2_ros/cmake)
[2.690s] -- Configuring done
[2.781s] -- Generating done
[2.789s] -- Build files have been written to: /home/lyq/bysj_ws/build/agv_simulation
[2.809s] Invoked command in '/home/lyq/bysj_ws/build/agv_simulation' returned '0': CMAKE_PREFIX_PATH=/opt/ros/humble /usr/bin/cmake /home/lyq/bysj_ws/src/agv_simulation -DAMENT_CMAKE_SYMLINK_INSTALL=1 -DCMAKE_INSTALL_PREFIX=/home/lyq/bysj_ws/install/agv_simulation
[2.812s] Invoking command in '/home/lyq/bysj_ws/build/agv_simulation': CMAKE_PREFIX_PATH=/opt/ros/humble /usr/bin/cmake --build /home/lyq/bysj_ws/build/agv_simulation -- -j2 -l2
[2.863s] [ 50%] [32mBuilding CXX object CMakeFiles/ground_filter_node.dir/src/ground_filter_node.cpp.o[0m
[7.391s] [100%] [32m[1mLinking CXX executable ground_filter_node[0m
[7.876s] [100%] Built target ground_filter_node
[7.888s] Invoked command in '/home/lyq/bysj_ws/build/agv_simulation' returned '0': CMAKE_PREFIX_PATH=/opt/ros/humble /usr/bin/cmake --build /home/lyq/bysj_ws/build/agv_simulation -- -j2 -l2
[7.897s] Invoking command in '/home/lyq/bysj_ws/build/agv_simulation': CMAKE_PREFIX_PATH=/opt/ros/humble /usr/bin/cmake --install /home/lyq/bysj_ws/build/agv_simulation
[7.905s] -- Install configuration: ""
[7.906s] -- Execute custom install script
[7.906s] -- Symlinking: /home/lyq/bysj_ws/install/agv_simulation/share/agv_simulation/description/robot.urdf.xacro
[7.916s] -- Symlinking: /home/lyq/bysj_ws/install/agv_simulation/share/agv_simulation/launch/rsp.launch.py
[7.925s] -- Symlinking: /home/lyq/bysj_ws/install/agv_simulation/share/agv_simulation/worlds/simulation.world
[7.935s] -- Symlinking: /home/lyq/bysj_ws/install/agv_simulation/lib/agv_simulation/ground_filter_node
[7.944s] -- Symlinking: /home/lyq/bysj_ws/install/agv_simulation/share/ament_index/resource_index/package_run_dependencies/agv_simulation
[7.954s] -- Symlinking: /home/lyq/bysj_ws/install/agv_simulation/share/ament_index/resource_index/parent_prefix_path/agv_simulation
[7.964s] -- Symlinking: /home/lyq/bysj_ws/install/agv_simulation/share/agv_simulation/environment/ament_prefix_path.sh
[7.973s] -- Symlinking: /home/lyq/bysj_ws/install/agv_simulation/share/agv_simulation/environment/ament_prefix_path.dsv
[7.982s] -- Symlinking: /home/lyq/bysj_ws/install/agv_simulation/share/agv_simulation/environment/path.sh
[7.991s] -- Symlinking: /home/lyq/bysj_ws/install/agv_simulation/share/agv_simulation/environment/path.dsv
[8.000s] -- Symlinking: /home/lyq/bysj_ws/install/agv_simulation/share/agv_simulation/local_setup.bash
[8.008s] -- Symlinking: /home/lyq/bysj_ws/install/agv_simulation/share/agv_simulation/local_setup.sh
[8.017s] -- Symlinking: /home/lyq/bysj_ws/install/agv_simulation/share/agv_simulation/local_setup.zsh
[8.026s] -- Symlinking: /home/lyq/bysj_ws/install/agv_simulation/share/agv_simulation/local_setup.dsv
[8.036s] -- Symlinking: /home/lyq/bysj_ws/install/agv_simulation/share/agv_simulation/package.dsv
[8.045s] -- Symlinking: /home/lyq/bysj_ws/install/agv_simulation/share/ament_index/resource_index/packages/agv_simulation
[8.053s] -- Symlinking: /home/lyq/bysj_ws/install/agv_simulation/share/agv_simulation/cmake/agv_simulationConfig.cmake
[8.063s] -- Symlinking: /home/lyq/bysj_ws/install/agv_simulation/share/agv_simulation/cmake/agv_simulationConfig-version.cmake
[8.074s] -- Symlinking: /home/lyq/bysj_ws/install/agv_simulation/share/agv_simulation/package.xml
[8.085s] Invoked command in '/home/lyq/bysj_ws/build/agv_simulation' returned '0': CMAKE_PREFIX_PATH=/opt/ros/humble /usr/bin/cmake --install /home/lyq/bysj_ws/build/agv_simulation
