[0.079s] DEBUG:colcon:Command line arguments: ['/usr/bin/colcon', 'build', '--packages-select', 'agv_simulation']
[0.079s] DEBUG:colcon:Parsed command line arguments: Namespace(log_base=None, log_level=None, verb_name='build', build_base='build', install_base='install', merge_install=False, symlink_install=False, test_result_base=None, continue_on_error=False, executor='parallel', parallel_workers=2, event_handlers=None, ignore_user_meta=False, metas=['./colcon.meta'], base_paths=['.'], packages_ignore=None, packages_ignore_regex=None, paths=None, packages_up_to=None, packages_up_to_regex=None, packages_above=None, packages_above_and_dependencies=None, packages_above_depth=None, packages_select_by_dep=None, packages_skip_by_dep=None, packages_skip_up_to=None, packages_select_build_failed=False, packages_skip_build_finished=False, packages_select_test_failures=False, packages_skip_test_passed=False, packages_select=['agv_simulation'], packages_skip=None, packages_select_regex=None, packages_skip_regex=None, packages_start=None, packages_end=None, allow_overriding=[], cmake_args=None, cmake_target=None, cmake_target_skip_unavailable=False, cmake_clean_cache=False, cmake_clean_first=False, cmake_force_configure=False, ament_cmake_args=None, catkin_cmake_args=None, catkin_skip_building_tests=False, verb_parser=<colcon_defaults.argument_parser.defaults.DefaultArgumentsDecorator object at 0x7a4d3b733970>, verb_extension=<colcon_core.verb.build.BuildVerb object at 0x7a4d3b874ee0>, main=<bound method BuildVerb.main of <colcon_core.verb.build.BuildVerb object at 0x7a4d3b874ee0>>)
[0.202s] Level 1:colcon.colcon_core.package_discovery:discover_packages(colcon_meta) check parameters
[0.202s] Level 1:colcon.colcon_core.package_discovery:discover_packages(recursive) check parameters
[0.202s] Level 1:colcon.colcon_core.package_discovery:discover_packages(ignore) check parameters
[0.202s] Level 1:colcon.colcon_core.package_discovery:discover_packages(path) check parameters
[0.202s] Level 1:colcon.colcon_core.package_discovery:discover_packages(colcon_meta) discover
[0.202s] Level 1:colcon.colcon_core.package_discovery:discover_packages(recursive) discover
[0.202s] INFO:colcon.colcon_core.package_discovery:Crawling recursively for packages in '/home/lyq/bysj_ws'
[0.203s] Level 1:colcon.colcon_core.package_identification:_identify(.) by extensions ['ignore', 'ignore_ament_install']
[0.203s] Level 1:colcon.colcon_core.package_identification:_identify(.) by extension 'ignore'
[0.203s] Level 1:colcon.colcon_core.package_identification:_identify(.) by extension 'ignore_ament_install'
[0.203s] Level 1:colcon.colcon_core.package_identification:_identify(.) by extensions ['colcon_pkg']
[0.203s] Level 1:colcon.colcon_core.package_identification:_identify(.) by extension 'colcon_pkg'
[0.203s] Level 1:colcon.colcon_core.package_identification:_identify(.) by extensions ['colcon_meta']
[0.203s] Level 1:colcon.colcon_core.package_identification:_identify(.) by extension 'colcon_meta'
[0.203s] Level 1:colcon.colcon_core.package_identification:_identify(.) by extensions ['ros']
[0.203s] Level 1:colcon.colcon_core.package_identification:_identify(.) by extension 'ros'
[0.211s] Level 1:colcon.colcon_core.package_identification:_identify(.) by extensions ['cmake', 'python']
[0.211s] Level 1:colcon.colcon_core.package_identification:_identify(.) by extension 'cmake'
[0.211s] Level 1:colcon.colcon_core.package_identification:_identify(.) by extension 'python'
[0.211s] Level 1:colcon.colcon_core.package_identification:_identify(.) by extensions ['python_setup_py']
[0.211s] Level 1:colcon.colcon_core.package_identification:_identify(.) by extension 'python_setup_py'
[0.211s] Level 1:colcon.colcon_core.package_identification:_identify(build) by extensions ['ignore', 'ignore_ament_install']
[0.211s] Level 1:colcon.colcon_core.package_identification:_identify(build) by extension 'ignore'
[0.211s] Level 1:colcon.colcon_core.package_identification:_identify(build) ignored
[0.212s] Level 1:colcon.colcon_core.package_identification:_identify(install) by extensions ['ignore', 'ignore_ament_install']
[0.212s] Level 1:colcon.colcon_core.package_identification:_identify(install) by extension 'ignore'
[0.212s] Level 1:colcon.colcon_core.package_identification:_identify(install) ignored
[0.212s] Level 1:colcon.colcon_core.package_identification:_identify(log) by extensions ['ignore', 'ignore_ament_install']
[0.212s] Level 1:colcon.colcon_core.package_identification:_identify(log) by extension 'ignore'
[0.212s] Level 1:colcon.colcon_core.package_identification:_identify(log) ignored
[0.212s] Level 1:colcon.colcon_core.package_identification:_identify(src) by extensions ['ignore', 'ignore_ament_install']
[0.212s] Level 1:colcon.colcon_core.package_identification:_identify(src) by extension 'ignore'
[0.212s] Level 1:colcon.colcon_core.package_identification:_identify(src) by extension 'ignore_ament_install'
[0.212s] Level 1:colcon.colcon_core.package_identification:_identify(src) by extensions ['colcon_pkg']
[0.212s] Level 1:colcon.colcon_core.package_identification:_identify(src) by extension 'colcon_pkg'
[0.212s] Level 1:colcon.colcon_core.package_identification:_identify(src) by extensions ['colcon_meta']
[0.212s] Level 1:colcon.colcon_core.package_identification:_identify(src) by extension 'colcon_meta'
[0.212s] Level 1:colcon.colcon_core.package_identification:_identify(src) by extensions ['ros']
[0.212s] Level 1:colcon.colcon_core.package_identification:_identify(src) by extension 'ros'
[0.212s] Level 1:colcon.colcon_core.package_identification:_identify(src) by extensions ['cmake', 'python']
[0.212s] Level 1:colcon.colcon_core.package_identification:_identify(src) by extension 'cmake'
[0.212s] Level 1:colcon.colcon_core.package_identification:_identify(src) by extension 'python'
[0.212s] Level 1:colcon.colcon_core.package_identification:_identify(src) by extensions ['python_setup_py']
[0.212s] Level 1:colcon.colcon_core.package_identification:_identify(src) by extension 'python_setup_py'
[0.212s] Level 1:colcon.colcon_core.package_identification:_identify(src/agv_simulation) by extensions ['ignore', 'ignore_ament_install']
[0.212s] Level 1:colcon.colcon_core.package_identification:_identify(src/agv_simulation) by extension 'ignore'
[0.212s] Level 1:colcon.colcon_core.package_identification:_identify(src/agv_simulation) by extension 'ignore_ament_install'
[0.212s] Level 1:colcon.colcon_core.package_identification:_identify(src/agv_simulation) by extensions ['colcon_pkg']
[0.212s] Level 1:colcon.colcon_core.package_identification:_identify(src/agv_simulation) by extension 'colcon_pkg'
[0.213s] Level 1:colcon.colcon_core.package_identification:_identify(src/agv_simulation) by extensions ['colcon_meta']
[0.213s] Level 1:colcon.colcon_core.package_identification:_identify(src/agv_simulation) by extension 'colcon_meta'
[0.213s] Level 1:colcon.colcon_core.package_identification:_identify(src/agv_simulation) by extensions ['ros']
[0.213s] Level 1:colcon.colcon_core.package_identification:_identify(src/agv_simulation) by extension 'ros'
[0.215s] DEBUG:colcon.colcon_core.package_identification:Package 'src/agv_simulation' with type 'ros.ament_cmake' and name 'agv_simulation'
[0.215s] Level 1:colcon.colcon_core.package_discovery:discover_packages(recursive) using defaults
[0.215s] Level 1:colcon.colcon_core.package_discovery:discover_packages(ignore) discover
[0.215s] Level 1:colcon.colcon_core.package_discovery:discover_packages(ignore) using defaults
[0.215s] Level 1:colcon.colcon_core.package_discovery:discover_packages(path) discover
[0.215s] Level 1:colcon.colcon_core.package_discovery:discover_packages(path) using defaults
[0.230s] Level 1:colcon.colcon_core.package_discovery:discover_packages(prefix_path) check parameters
[0.230s] Level 1:colcon.colcon_core.package_discovery:discover_packages(prefix_path) discover
[0.241s] DEBUG:colcon.colcon_installed_package_information.package_discovery:Found 392 installed packages in /opt/ros/humble
[0.242s] Level 1:colcon.colcon_core.package_discovery:discover_packages(prefix_path) using defaults
[0.278s] Level 5:colcon.colcon_core.verb:set package 'agv_simulation' build argument 'cmake_args' from command line to 'None'
[0.278s] Level 5:colcon.colcon_core.verb:set package 'agv_simulation' build argument 'cmake_target' from command line to 'None'
[0.278s] Level 5:colcon.colcon_core.verb:set package 'agv_simulation' build argument 'cmake_target_skip_unavailable' from command line to 'False'
[0.278s] Level 5:colcon.colcon_core.verb:set package 'agv_simulation' build argument 'cmake_clean_cache' from command line to 'False'
[0.278s] Level 5:colcon.colcon_core.verb:set package 'agv_simulation' build argument 'cmake_clean_first' from command line to 'False'
[0.278s] Level 5:colcon.colcon_core.verb:set package 'agv_simulation' build argument 'cmake_force_configure' from command line to 'False'
[0.278s] Level 5:colcon.colcon_core.verb:set package 'agv_simulation' build argument 'ament_cmake_args' from command line to 'None'
[0.278s] Level 5:colcon.colcon_core.verb:set package 'agv_simulation' build argument 'catkin_cmake_args' from command line to 'None'
[0.278s] Level 5:colcon.colcon_core.verb:set package 'agv_simulation' build argument 'catkin_skip_building_tests' from command line to 'False'
[0.278s] DEBUG:colcon.colcon_core.verb:Building package 'agv_simulation' with the following arguments: {'ament_cmake_args': None, 'build_base': '/home/lyq/bysj_ws/build/agv_simulation', 'catkin_cmake_args': None, 'catkin_skip_building_tests': False, 'cmake_args': None, 'cmake_clean_cache': False, 'cmake_clean_first': False, 'cmake_force_configure': False, 'cmake_target': None, 'cmake_target_skip_unavailable': False, 'install_base': '/home/lyq/bysj_ws/install/agv_simulation', 'merge_install': False, 'path': '/home/lyq/bysj_ws/src/agv_simulation', 'symlink_install': False, 'test_result_base': None}
[0.278s] INFO:colcon.colcon_core.executor:Executing jobs using 'parallel' executor
[0.279s] DEBUG:colcon.colcon_parallel_executor.executor.parallel:run_until_complete
[0.279s] INFO:colcon.colcon_ros.task.ament_cmake.build:Building ROS package in '/home/lyq/bysj_ws/src/agv_simulation' with build type 'ament_cmake'
[0.279s] INFO:colcon.colcon_cmake.task.cmake.build:Building CMake package in '/home/lyq/bysj_ws/src/agv_simulation'
[0.281s] INFO:colcon.colcon_core.plugin_system:Skipping extension 'colcon_core.shell.bat': Not used on non-Windows systems
[0.281s] INFO:colcon.colcon_core.shell:Skip shell extension 'powershell' for command environment: Not usable outside of PowerShell
[0.281s] DEBUG:colcon.colcon_core.shell:Skip shell extension 'dsv' for command environment
[0.292s] DEBUG:colcon.colcon_core.event_handler.log_command:Invoking command in '/home/lyq/bysj_ws/build/agv_simulation': CMAKE_PREFIX_PATH=/opt/ros/humble /usr/bin/cmake --build /home/lyq/bysj_ws/build/agv_simulation -- -j2 -l2
[0.377s] DEBUG:colcon.colcon_core.event_handler.log_command:Invoked command in '/home/lyq/bysj_ws/build/agv_simulation' returned '0': CMAKE_PREFIX_PATH=/opt/ros/humble /usr/bin/cmake --build /home/lyq/bysj_ws/build/agv_simulation -- -j2 -l2
[0.389s] DEBUG:colcon.colcon_core.event_handler.log_command:Invoking command in '/home/lyq/bysj_ws/build/agv_simulation': CMAKE_PREFIX_PATH=/opt/ros/humble /usr/bin/cmake --install /home/lyq/bysj_ws/build/agv_simulation
[0.424s] Level 1:colcon.colcon_core.environment:create_environment_scripts_only(agv_simulation)
[0.425s] DEBUG:colcon.colcon_core.event_handler.log_command:Invoked command in '/home/lyq/bysj_ws/build/agv_simulation' returned '0': CMAKE_PREFIX_PATH=/opt/ros/humble /usr/bin/cmake --install /home/lyq/bysj_ws/build/agv_simulation
[0.427s] Level 1:colcon.colcon_core.environment:checking '/home/lyq/bysj_ws/install/agv_simulation' for CMake module files
[0.427s] Level 1:colcon.colcon_core.environment:checking '/home/lyq/bysj_ws/install/agv_simulation' for CMake config files
[0.427s] Level 1:colcon.colcon_core.shell:create_environment_hook('agv_simulation', 'cmake_prefix_path')
[0.427s] INFO:colcon.colcon_core.shell:Creating environment hook '/home/lyq/bysj_ws/install/agv_simulation/share/agv_simulation/hook/cmake_prefix_path.ps1'
[0.428s] INFO:colcon.colcon_core.shell:Creating environment descriptor '/home/lyq/bysj_ws/install/agv_simulation/share/agv_simulation/hook/cmake_prefix_path.dsv'
[0.429s] INFO:colcon.colcon_core.shell:Creating environment hook '/home/lyq/bysj_ws/install/agv_simulation/share/agv_simulation/hook/cmake_prefix_path.sh'
[0.430s] Level 1:colcon.colcon_core.environment:checking '/home/lyq/bysj_ws/install/agv_simulation/lib'
[0.430s] Level 1:colcon.colcon_core.environment:checking '/home/lyq/bysj_ws/install/agv_simulation/bin'
[0.430s] Level 1:colcon.colcon_core.environment:checking '/home/lyq/bysj_ws/install/agv_simulation/lib/pkgconfig/agv_simulation.pc'
[0.430s] Level 1:colcon.colcon_core.environment:checking '/home/lyq/bysj_ws/install/agv_simulation/lib/python3.10/site-packages'
[0.430s] Level 1:colcon.colcon_core.environment:checking '/home/lyq/bysj_ws/install/agv_simulation/bin'
[0.431s] INFO:colcon.colcon_core.shell:Creating package script '/home/lyq/bysj_ws/install/agv_simulation/share/agv_simulation/package.ps1'
[0.431s] INFO:colcon.colcon_core.shell:Creating package descriptor '/home/lyq/bysj_ws/install/agv_simulation/share/agv_simulation/package.dsv'
[0.431s] INFO:colcon.colcon_core.shell:Creating package script '/home/lyq/bysj_ws/install/agv_simulation/share/agv_simulation/package.sh'
[0.432s] INFO:colcon.colcon_core.shell:Creating package script '/home/lyq/bysj_ws/install/agv_simulation/share/agv_simulation/package.bash'
[0.433s] INFO:colcon.colcon_core.shell:Creating package script '/home/lyq/bysj_ws/install/agv_simulation/share/agv_simulation/package.zsh'
[0.433s] Level 1:colcon.colcon_core.environment:create_file_with_runtime_dependencies(/home/lyq/bysj_ws/install/agv_simulation/share/colcon-core/packages/agv_simulation)
[0.434s] Level 1:colcon.colcon_core.environment:create_environment_scripts_only(agv_simulation)
[0.434s] Level 1:colcon.colcon_core.environment:checking '/home/lyq/bysj_ws/install/agv_simulation' for CMake module files
[0.434s] Level 1:colcon.colcon_core.environment:checking '/home/lyq/bysj_ws/install/agv_simulation' for CMake config files
[0.434s] Level 1:colcon.colcon_core.shell:create_environment_hook('agv_simulation', 'cmake_prefix_path')
[0.435s] INFO:colcon.colcon_core.shell:Creating environment hook '/home/lyq/bysj_ws/install/agv_simulation/share/agv_simulation/hook/cmake_prefix_path.ps1'
[0.435s] INFO:colcon.colcon_core.shell:Creating environment descriptor '/home/lyq/bysj_ws/install/agv_simulation/share/agv_simulation/hook/cmake_prefix_path.dsv'
[0.435s] INFO:colcon.colcon_core.shell:Creating environment hook '/home/lyq/bysj_ws/install/agv_simulation/share/agv_simulation/hook/cmake_prefix_path.sh'
[0.436s] Level 1:colcon.colcon_core.environment:checking '/home/lyq/bysj_ws/install/agv_simulation/lib'
[0.436s] Level 1:colcon.colcon_core.environment:checking '/home/lyq/bysj_ws/install/agv_simulation/bin'
[0.436s] Level 1:colcon.colcon_core.environment:checking '/home/lyq/bysj_ws/install/agv_simulation/lib/pkgconfig/agv_simulation.pc'
[0.436s] Level 1:colcon.colcon_core.environment:checking '/home/lyq/bysj_ws/install/agv_simulation/lib/python3.10/site-packages'
[0.436s] Level 1:colcon.colcon_core.environment:checking '/home/lyq/bysj_ws/install/agv_simulation/bin'
[0.436s] INFO:colcon.colcon_core.shell:Creating package script '/home/lyq/bysj_ws/install/agv_simulation/share/agv_simulation/package.ps1'
[0.437s] INFO:colcon.colcon_core.shell:Creating package descriptor '/home/lyq/bysj_ws/install/agv_simulation/share/agv_simulation/package.dsv'
[0.437s] INFO:colcon.colcon_core.shell:Creating package script '/home/lyq/bysj_ws/install/agv_simulation/share/agv_simulation/package.sh'
[0.438s] INFO:colcon.colcon_core.shell:Creating package script '/home/lyq/bysj_ws/install/agv_simulation/share/agv_simulation/package.bash'
[0.438s] INFO:colcon.colcon_core.shell:Creating package script '/home/lyq/bysj_ws/install/agv_simulation/share/agv_simulation/package.zsh'
[0.438s] Level 1:colcon.colcon_core.environment:create_file_with_runtime_dependencies(/home/lyq/bysj_ws/install/agv_simulation/share/colcon-core/packages/agv_simulation)
[0.439s] DEBUG:colcon.colcon_parallel_executor.executor.parallel:closing loop
[0.439s] DEBUG:colcon.colcon_parallel_executor.executor.parallel:loop closed
[0.439s] DEBUG:colcon.colcon_parallel_executor.executor.parallel:run_until_complete finished with '0'
[0.439s] DEBUG:colcon.colcon_core.event_reactor:joining thread
[0.444s] INFO:colcon.colcon_core.plugin_system:Skipping extension 'colcon_notification.desktop_notification.terminal_notifier': Not used on non-Darwin systems
[0.444s] INFO:colcon.colcon_core.plugin_system:Skipping extension 'colcon_notification.desktop_notification.win32': Not used on non-Windows systems
[0.444s] INFO:colcon.colcon_notification.desktop_notification:Sending desktop notification using 'notify2'
[0.456s] DEBUG:colcon.colcon_core.event_reactor:joined thread
[0.457s] INFO:colcon.colcon_core.shell:Creating prefix script '/home/lyq/bysj_ws/install/local_setup.ps1'
[0.458s] INFO:colcon.colcon_core.shell:Creating prefix util module '/home/lyq/bysj_ws/install/_local_setup_util_ps1.py'
[0.459s] INFO:colcon.colcon_core.shell:Creating prefix chain script '/home/lyq/bysj_ws/install/setup.ps1'
[0.459s] INFO:colcon.colcon_core.shell:Creating prefix script '/home/lyq/bysj_ws/install/local_setup.sh'
[0.460s] INFO:colcon.colcon_core.shell:Creating prefix util module '/home/lyq/bysj_ws/install/_local_setup_util_sh.py'
[0.460s] INFO:colcon.colcon_core.shell:Creating prefix chain script '/home/lyq/bysj_ws/install/setup.sh'
[0.461s] INFO:colcon.colcon_core.shell:Creating prefix script '/home/lyq/bysj_ws/install/local_setup.bash'
[0.462s] INFO:colcon.colcon_core.shell:Creating prefix chain script '/home/lyq/bysj_ws/install/setup.bash'
[0.462s] INFO:colcon.colcon_core.shell:Creating prefix script '/home/lyq/bysj_ws/install/local_setup.zsh'
[0.463s] INFO:colcon.colcon_core.shell:Creating prefix chain script '/home/lyq/bysj_ws/install/setup.zsh'
